{"/home/jeremy/Server/Projects/CaddyProxyManagerPlus/CaddyProxyManagerPlus/frontend/src/components/ImportReviewTable.tsx": {"path":"/home/jeremy/Server/Projects/CaddyProxyManagerPlus/CaddyProxyManagerPlus/frontend/src/components/ImportReviewTable.tsx","statementMap":{"0":{"start":{"line":12,"column":36},"end":{"line":12,"column":null}},"1":{"start":{"line":13,"column":28},"end":{"line":13,"column":null}},"2":{"start":{"line":15,"column":23},"end":{"line":15,"column":null}},"3":{"start":{"line":17,"column":33},"end":{"line":19,"column":null}},"4":{"start":{"line":18,"column":4},"end":{"line":18,"column":null}},"5":{"start":{"line":21,"column":23},"end":{"line":35,"column":null}},"6":{"start":{"line":23,"column":32},"end":{"line":23,"column":null}},"7":{"start":{"line":23,"column":54},"end":{"line":23,"column":69}},"8":{"start":{"line":24,"column":4},"end":{"line":27,"column":null}},"9":{"start":{"line":25,"column":6},"end":{"line":25,"column":null}},"10":{"start":{"line":26,"column":6},"end":{"line":26,"column":null}},"11":{"start":{"line":29,"column":4},"end":{"line":29,"column":null}},"12":{"start":{"line":30,"column":4},"end":{"line":34,"column":null}},"13":{"start":{"line":31,"column":6},"end":{"line":31,"column":null}},"14":{"start":{"line":33,"column":6},"end":{"line":33,"column":null}},"15":{"start":{"line":37,"column":2},"end":{"line":170,"column":null}},"16":{"start":{"line":45,"column":14},"end":{"line":45,"column":null}},"17":{"start":{"line":62,"column":14},"end":{"line":73,"column":null}},"18":{"start":{"line":66,"column":33},"end":{"line":66,"column":null}},"19":{"start":{"line":106,"column":35},"end":{"line":106,"column":null}},"20":{"start":{"line":107,"column":16},"end":{"line":145,"column":null}}},"fnMap":{"0":{"name":"ImportReviewTable","decl":{"start":{"line":11,"column":24},"end":{"line":11,"column":42}},"loc":{"start":{"line":11,"column":116},"end":{"line":172,"column":null}},"line":11},"1":{"name":"(anonymous_1)","decl":{"start":{"line":17,"column":33},"end":{"line":17,"column":34}},"loc":{"start":{"line":17,"column":69},"end":{"line":19,"column":null}},"line":17},"2":{"name":"(anonymous_2)","decl":{"start":{"line":21,"column":23},"end":{"line":21,"column":35}},"loc":{"start":{"line":21,"column":35},"end":{"line":35,"column":null}},"line":21},"3":{"name":"(anonymous_3)","decl":{"start":{"line":23,"column":49},"end":{"line":23,"column":54}},"loc":{"start":{"line":23,"column":54},"end":{"line":23,"column":69}},"line":23},"4":{"name":"(anonymous_4)","decl":{"start":{"line":44,"column":24},"end":{"line":44,"column":25}},"loc":{"start":{"line":45,"column":14},"end":{"line":45,"column":null}},"line":45},"5":{"name":"(anonymous_5)","decl":{"start":{"line":61,"column":27},"end":{"line":61,"column":28}},"loc":{"start":{"line":62,"column":14},"end":{"line":73,"column":null}},"line":62},"6":{"name":"(anonymous_6)","decl":{"start":{"line":66,"column":28},"end":{"line":66,"column":33}},"loc":{"start":{"line":66,"column":33},"end":{"line":66,"column":null}},"line":66},"7":{"name":"(anonymous_7)","decl":{"start":{"line":105,"column":25},"end":{"line":105,"column":26}},"loc":{"start":{"line":105,"column":40},"end":{"line":147,"column":15}},"line":105}},"branchMap":{"0":{"loc":{"start":{"line":24,"column":4},"end":{"line":27,"column":null}},"type":"if","locations":[{"start":{"line":24,"column":4},"end":{"line":27,"column":null}},{"start":{},"end":{}}],"line":24},"1":{"loc":{"start":{"line":40,"column":7},"end":{"line":48,"column":null}},"type":"binary-expr","locations":[{"start":{"line":40,"column":7},"end":{"line":40,"column":null}},{"start":{"line":41,"column":8},"end":{"line":48,"column":null}}],"line":40},"2":{"loc":{"start":{"line":52,"column":7},"end":{"line":76,"column":null}},"type":"binary-expr","locations":[{"start":{"line":52,"column":7},"end":{"line":52,"column":null}},{"start":{"line":53,"column":8},"end":{"line":76,"column":null}}],"line":52},"3":{"loc":{"start":{"line":65,"column":25},"end":{"line":65,"column":null}},"type":"binary-expr","locations":[{"start":{"line":65,"column":25},"end":{"line":65,"column":48}},{"start":{"line":65,"column":48},"end":{"line":65,"column":null}}],"line":65},"4":{"loc":{"start":{"line":108,"column":67},"end":{"line":108,"column":103}},"type":"cond-expr","locations":[{"start":{"line":108,"column":80},"end":{"line":108,"column":101}},{"start":{"line":108,"column":101},"end":{"line":108,"column":103}}],"line":108},"5":{"loc":{"start":{"line":112,"column":25},"end":{"line":115,"column":null}},"type":"binary-expr","locations":[{"start":{"line":112,"column":25},"end":{"line":112,"column":null}},{"start":{"line":113,"column":26},"end":{"line":115,"column":null}}],"line":112},"6":{"loc":{"start":{"line":125,"column":23},"end":{"line":128,"column":null}},"type":"binary-expr","locations":[{"start":{"line":125,"column":23},"end":{"line":125,"column":null}},{"start":{"line":126,"column":24},"end":{"line":128,"column":null}}],"line":125},"7":{"loc":{"start":{"line":133,"column":25},"end":{"line":136,"column":null}},"type":"binary-expr","locations":[{"start":{"line":133,"column":25},"end":{"line":133,"column":null}},{"start":{"line":134,"column":26},"end":{"line":136,"column":null}}],"line":133},"8":{"loc":{"start":{"line":138,"column":25},"end":{"line":141,"column":null}},"type":"binary-expr","locations":[{"start":{"line":138,"column":25},"end":{"line":138,"column":null}},{"start":{"line":139,"column":26},"end":{"line":141,"column":null}}],"line":138},"9":{"loc":{"start":{"line":164,"column":20},"end":{"line":164,"column":null}},"type":"binary-expr","locations":[{"start":{"line":164,"column":20},"end":{"line":164,"column":32}},{"start":{"line":164,"column":32},"end":{"line":164,"column":48}},{"start":{"line":164,"column":48},"end":{"line":164,"column":null}}],"line":164},"10":{"loc":{"start":{"line":167,"column":11},"end":{"line":167,"column":null}},"type":"cond-expr","locations":[{"start":{"line":167,"column":21},"end":{"line":167,"column":38}},{"start":{"line":167,"column":38},"end":{"line":167,"column":null}}],"line":167}},"s":{"0":12,"1":12,"2":12,"3":12,"4":2,"5":12,"6":1,"7":1,"8":1,"9":0,"10":0,"11":1,"12":1,"13":1,"14":1,"15":12,"16":2,"17":9,"18":2,"19":12,"20":12},"f":{"0":12,"1":2,"2":1,"3":1,"4":2,"5":9,"6":2,"7":12},"b":{"0":[0,1],"1":[12,1],"2":[12,9],"3":[9,5],"4":[1,11],"5":[12,1],"6":[12,11],"7":[12,11],"8":[12,0],"9":[12,11,8],"10":[1,11]},"meta":{"lastBranch":11,"lastFunction":8,"lastStatement":21,"seen":{"f:11:24:11:42":0,"s:12:36:12:Infinity":0,"s:13:28:13:Infinity":1,"s:15:23:15:Infinity":2,"s:17:33:19:Infinity":3,"f:17:33:17:34":1,"s:18:4:18:Infinity":4,"s:21:23:35:Infinity":5,"f:21:23:21:35":2,"s:23:32:23:Infinity":6,"f:23:49:23:54":3,"s:23:54:23:69":7,"b:24:4:27:Infinity:undefined:undefined:undefined:undefined":0,"s:24:4:27:Infinity":8,"s:25:6:25:Infinity":9,"s:26:6:26:Infinity":10,"s:29:4:29:Infinity":11,"s:30:4:34:Infinity":12,"s:31:6:31:Infinity":13,"s:33:6:33:Infinity":14,"s:37:2:170:Infinity":15,"b:40:7:40:Infinity:41:8:48:Infinity":1,"f:44:24:44:25":4,"s:45:14:45:Infinity":16,"b:52:7:52:Infinity:53:8:76:Infinity":2,"f:61:27:61:28":5,"s:62:14:73:Infinity":17,"b:65:25:65:48:65:48:65:Infinity":3,"f:66:28:66:33":6,"s:66:33:66:Infinity":18,"f:105:25:105:26":7,"s:106:35:106:Infinity":19,"s:107:16:145:Infinity":20,"b:108:80:108:101:108:101:108:103":4,"b:112:25:112:Infinity:113:26:115:Infinity":5,"b:125:23:125:Infinity:126:24:128:Infinity":6,"b:133:25:133:Infinity:134:26:136:Infinity":7,"b:138:25:138:Infinity:139:26:141:Infinity":8,"b:164:20:164:32:164:32:164:48:164:48:164:Infinity":9,"b:167:21:167:38:167:38:167:Infinity":10}}}
,"/home/jeremy/Server/Projects/CaddyProxyManagerPlus/CaddyProxyManagerPlus/frontend/src/components/Layout.tsx": {"path":"/home/jeremy/Server/Projects/CaddyProxyManagerPlus/CaddyProxyManagerPlus/frontend/src/components/Layout.tsx","statementMap":{"0":{"start":{"line":9,"column":8},"end":{"line":9,"column":null}},"1":{"start":{"line":11,"column":21},"end":{"line":17,"column":null}},"2":{"start":{"line":19,"column":2},"end":{"line":56,"column":null}},"3":{"start":{"line":28,"column":29},"end":{"line":28,"column":null}},"4":{"start":{"line":29,"column":12},"end":{"line":41,"column":null}}},"fnMap":{"0":{"name":"Layout","decl":{"start":{"line":8,"column":24},"end":{"line":8,"column":31}},"loc":{"start":{"line":8,"column":58},"end":{"line":58,"column":null}},"line":8},"1":{"name":"(anonymous_1)","decl":{"start":{"line":27,"column":26},"end":{"line":27,"column":27}},"loc":{"start":{"line":27,"column":36},"end":{"line":43,"column":11}},"line":27}},"branchMap":{"0":{"loc":{"start":{"line":34,"column":18},"end":{"line":36,"column":null}},"type":"cond-expr","locations":[{"start":{"line":35,"column":22},"end":{"line":35,"column":null}},{"start":{"line":36,"column":22},"end":{"line":36,"column":null}}],"line":34}},"s":{"0":4,"1":4,"2":4,"3":20,"4":20},"f":{"0":4,"1":20},"b":{"0":[4,16]},"meta":{"lastBranch":1,"lastFunction":2,"lastStatement":5,"seen":{"f:8:24:8:31":0,"s:9:8:9:Infinity":0,"s:11:21:17:Infinity":1,"s:19:2:56:Infinity":2,"f:27:26:27:27":1,"s:28:29:28:Infinity":3,"s:29:12:41:Infinity":4,"b:35:22:35:Infinity:36:22:36:Infinity":0}}}
,"/home/jeremy/Server/Projects/CaddyProxyManagerPlus/CaddyProxyManagerPlus/frontend/src/components/ProxyHostForm.tsx": {"path":"/home/jeremy/Server/Projects/CaddyProxyManagerPlus/CaddyProxyManagerPlus/frontend/src/components/ProxyHostForm.tsx","statementMap":{"0":{"start":{"line":21,"column":30},"end":{"line":34,"column":null}},"1":{"start":{"line":36,"column":40},"end":{"line":36,"column":null}},"2":{"start":{"line":37,"column":28},"end":{"line":37,"column":null}},"3":{"start":{"line":38,"column":24},"end":{"line":38,"column":null}},"4":{"start":{"line":40,"column":2},"end":{"line":50,"column":null}},"5":{"start":{"line":41,"column":25},"end":{"line":48,"column":null}},"6":{"start":{"line":42,"column":6},"end":{"line":47,"column":null}},"7":{"start":{"line":43,"column":24},"end":{"line":43,"column":null}},"8":{"start":{"line":44,"column":8},"end":{"line":44,"column":null}},"9":{"start":{"line":46,"column":8},"end":{"line":46,"column":null}},"10":{"start":{"line":49,"column":4},"end":{"line":49,"column":null}},"11":{"start":{"line":52,"column":23},"end":{"line":64,"column":null}},"12":{"start":{"line":53,"column":4},"end":{"line":53,"column":null}},"13":{"start":{"line":54,"column":4},"end":{"line":54,"column":null}},"14":{"start":{"line":55,"column":4},"end":{"line":55,"column":null}},"15":{"start":{"line":57,"column":4},"end":{"line":63,"column":null}},"16":{"start":{"line":58,"column":6},"end":{"line":58,"column":null}},"17":{"start":{"line":60,"column":6},"end":{"line":60,"column":null}},"18":{"start":{"line":62,"column":6},"end":{"line":62,"column":null}},"19":{"start":{"line":66,"column":29},"end":{"line":76,"column":null}},"20":{"start":{"line":67,"column":19},"end":{"line":67,"column":null}},"21":{"start":{"line":67,"column":43},"end":{"line":67,"column":64}},"22":{"start":{"line":68,"column":4},"end":{"line":75,"column":null}},"23":{"start":{"line":69,"column":6},"end":{"line":74,"column":null}},"24":{"start":{"line":78,"column":2},"end":{"line":268,"column":null}},"25":{"start":{"line":103,"column":29},"end":{"line":103,"column":null}},"26":{"start":{"line":116,"column":31},"end":{"line":116,"column":null}},"27":{"start":{"line":121,"column":18},"end":{"line":123,"column":null}},"28":{"start":{"line":135,"column":31},"end":{"line":135,"column":null}},"29":{"start":{"line":148,"column":31},"end":{"line":148,"column":null}},"30":{"start":{"line":161,"column":31},"end":{"line":161,"column":null}},"31":{"start":{"line":173,"column":31},"end":{"line":173,"column":null}},"32":{"start":{"line":182,"column":31},"end":{"line":182,"column":null}},"33":{"start":{"line":191,"column":31},"end":{"line":191,"column":null}},"34":{"start":{"line":200,"column":31},"end":{"line":200,"column":null}},"35":{"start":{"line":209,"column":31},"end":{"line":209,"column":null}},"36":{"start":{"line":218,"column":31},"end":{"line":218,"column":null}},"37":{"start":{"line":227,"column":31},"end":{"line":227,"column":null}},"38":{"start":{"line":241,"column":29},"end":{"line":241,"column":null}}},"fnMap":{"0":{"name":"ProxyHostForm","decl":{"start":{"line":20,"column":24},"end":{"line":20,"column":38}},"loc":{"start":{"line":20,"column":88},"end":{"line":270,"column":null}},"line":20},"1":{"name":"(anonymous_1)","decl":{"start":{"line":40,"column":12},"end":{"line":40,"column":18}},"loc":{"start":{"line":40,"column":18},"end":{"line":50,"column":5}},"line":40},"2":{"name":"(anonymous_2)","decl":{"start":{"line":41,"column":25},"end":{"line":41,"column":37}},"loc":{"start":{"line":41,"column":37},"end":{"line":48,"column":null}},"line":41},"3":{"name":"(anonymous_3)","decl":{"start":{"line":52,"column":23},"end":{"line":52,"column":30}},"loc":{"start":{"line":52,"column":53},"end":{"line":64,"column":null}},"line":52},"4":{"name":"(anonymous_4)","decl":{"start":{"line":66,"column":29},"end":{"line":66,"column":30}},"loc":{"start":{"line":66,"column":53},"end":{"line":76,"column":null}},"line":66},"5":{"name":"(anonymous_5)","decl":{"start":{"line":67,"column":38},"end":{"line":67,"column":43}},"loc":{"start":{"line":67,"column":43},"end":{"line":67,"column":64}},"line":67},"6":{"name":"(anonymous_6)","decl":{"start":{"line":103,"column":24},"end":{"line":103,"column":29}},"loc":{"start":{"line":103,"column":29},"end":{"line":103,"column":null}},"line":103},"7":{"name":"(anonymous_7)","decl":{"start":{"line":116,"column":26},"end":{"line":116,"column":31}},"loc":{"start":{"line":116,"column":31},"end":{"line":116,"column":null}},"line":116},"8":{"name":"(anonymous_8)","decl":{"start":{"line":120,"column":35},"end":{"line":120,"column":null}},"loc":{"start":{"line":121,"column":18},"end":{"line":123,"column":null}},"line":121},"9":{"name":"(anonymous_9)","decl":{"start":{"line":135,"column":26},"end":{"line":135,"column":31}},"loc":{"start":{"line":135,"column":31},"end":{"line":135,"column":null}},"line":135},"10":{"name":"(anonymous_10)","decl":{"start":{"line":148,"column":26},"end":{"line":148,"column":31}},"loc":{"start":{"line":148,"column":31},"end":{"line":148,"column":null}},"line":148},"11":{"name":"(anonymous_11)","decl":{"start":{"line":161,"column":26},"end":{"line":161,"column":31}},"loc":{"start":{"line":161,"column":31},"end":{"line":161,"column":null}},"line":161},"12":{"name":"(anonymous_12)","decl":{"start":{"line":173,"column":26},"end":{"line":173,"column":31}},"loc":{"start":{"line":173,"column":31},"end":{"line":173,"column":null}},"line":173},"13":{"name":"(anonymous_13)","decl":{"start":{"line":182,"column":26},"end":{"line":182,"column":31}},"loc":{"start":{"line":182,"column":31},"end":{"line":182,"column":null}},"line":182},"14":{"name":"(anonymous_14)","decl":{"start":{"line":191,"column":26},"end":{"line":191,"column":31}},"loc":{"start":{"line":191,"column":31},"end":{"line":191,"column":null}},"line":191},"15":{"name":"(anonymous_15)","decl":{"start":{"line":200,"column":26},"end":{"line":200,"column":31}},"loc":{"start":{"line":200,"column":31},"end":{"line":200,"column":null}},"line":200},"16":{"name":"(anonymous_16)","decl":{"start":{"line":209,"column":26},"end":{"line":209,"column":31}},"loc":{"start":{"line":209,"column":31},"end":{"line":209,"column":null}},"line":209},"17":{"name":"(anonymous_17)","decl":{"start":{"line":218,"column":26},"end":{"line":218,"column":31}},"loc":{"start":{"line":218,"column":31},"end":{"line":218,"column":null}},"line":218},"18":{"name":"(anonymous_18)","decl":{"start":{"line":227,"column":26},"end":{"line":227,"column":31}},"loc":{"start":{"line":227,"column":31},"end":{"line":227,"column":null}},"line":227},"19":{"name":"(anonymous_19)","decl":{"start":{"line":241,"column":24},"end":{"line":241,"column":29}},"loc":{"start":{"line":241,"column":29},"end":{"line":241,"column":null}},"line":241}},"branchMap":{"0":{"loc":{"start":{"line":22,"column":18},"end":{"line":22,"column":null}},"type":"binary-expr","locations":[{"start":{"line":22,"column":18},"end":{"line":22,"column":40}},{"start":{"line":22,"column":40},"end":{"line":22,"column":null}}],"line":22},"1":{"loc":{"start":{"line":23,"column":20},"end":{"line":23,"column":null}},"type":"binary-expr","locations":[{"start":{"line":23,"column":20},"end":{"line":23,"column":44}},{"start":{"line":23,"column":44},"end":{"line":23,"column":null}}],"line":23},"2":{"loc":{"start":{"line":24,"column":18},"end":{"line":24,"column":null}},"type":"binary-expr","locations":[{"start":{"line":24,"column":18},"end":{"line":24,"column":40}},{"start":{"line":24,"column":40},"end":{"line":24,"column":null}}],"line":24},"3":{"loc":{"start":{"line":25,"column":18},"end":{"line":25,"column":null}},"type":"binary-expr","locations":[{"start":{"line":25,"column":18},"end":{"line":25,"column":40}},{"start":{"line":25,"column":40},"end":{"line":25,"column":null}}],"line":25},"4":{"loc":{"start":{"line":26,"column":16},"end":{"line":26,"column":null}},"type":"binary-expr","locations":[{"start":{"line":26,"column":16},"end":{"line":26,"column":36}},{"start":{"line":26,"column":36},"end":{"line":26,"column":null}}],"line":26},"5":{"loc":{"start":{"line":27,"column":19},"end":{"line":27,"column":null}},"type":"binary-expr","locations":[{"start":{"line":27,"column":19},"end":{"line":27,"column":42}},{"start":{"line":27,"column":42},"end":{"line":27,"column":null}}],"line":27},"6":{"loc":{"start":{"line":28,"column":18},"end":{"line":28,"column":null}},"type":"binary-expr","locations":[{"start":{"line":28,"column":18},"end":{"line":28,"column":40}},{"start":{"line":28,"column":40},"end":{"line":28,"column":null}}],"line":28},"7":{"loc":{"start":{"line":29,"column":21},"end":{"line":29,"column":null}},"type":"binary-expr","locations":[{"start":{"line":29,"column":21},"end":{"line":29,"column":46}},{"start":{"line":29,"column":46},"end":{"line":29,"column":null}}],"line":29},"8":{"loc":{"start":{"line":30,"column":20},"end":{"line":30,"column":null}},"type":"binary-expr","locations":[{"start":{"line":30,"column":20},"end":{"line":30,"column":44}},{"start":{"line":30,"column":44},"end":{"line":30,"column":null}}],"line":30},"9":{"loc":{"start":{"line":31,"column":23},"end":{"line":31,"column":null}},"type":"binary-expr","locations":[{"start":{"line":31,"column":23},"end":{"line":31,"column":50}},{"start":{"line":31,"column":50},"end":{"line":31,"column":null}}],"line":31},"10":{"loc":{"start":{"line":32,"column":21},"end":{"line":32,"column":null}},"type":"binary-expr","locations":[{"start":{"line":32,"column":21},"end":{"line":32,"column":46}},{"start":{"line":32,"column":46},"end":{"line":32,"column":null}}],"line":32},"11":{"loc":{"start":{"line":33,"column":13},"end":{"line":33,"column":null}},"type":"binary-expr","locations":[{"start":{"line":33,"column":13},"end":{"line":33,"column":30}},{"start":{"line":33,"column":30},"end":{"line":33,"column":null}}],"line":33},"12":{"loc":{"start":{"line":60,"column":15},"end":{"line":60,"column":79}},"type":"cond-expr","locations":[{"start":{"line":60,"column":38},"end":{"line":60,"column":52}},{"start":{"line":60,"column":52},"end":{"line":60,"column":79}}],"line":60},"13":{"loc":{"start":{"line":68,"column":4},"end":{"line":75,"column":null}},"type":"if","locations":[{"start":{"line":68,"column":4},"end":{"line":75,"column":null}},{"start":{},"end":{}}],"line":68},"14":{"loc":{"start":{"line":83,"column":13},"end":{"line":83,"column":null}},"type":"cond-expr","locations":[{"start":{"line":83,"column":20},"end":{"line":83,"column":40}},{"start":{"line":83,"column":40},"end":{"line":83,"column":null}}],"line":83},"15":{"loc":{"start":{"line":88,"column":11},"end":{"line":91,"column":null}},"type":"binary-expr","locations":[{"start":{"line":88,"column":11},"end":{"line":88,"column":null}},{"start":{"line":89,"column":12},"end":{"line":91,"column":null}}],"line":88},"16":{"loc":{"start":{"line":110,"column":11},"end":{"line":126,"column":null}},"type":"binary-expr","locations":[{"start":{"line":110,"column":11},"end":{"line":110,"column":null}},{"start":{"line":111,"column":12},"end":{"line":126,"column":null}}],"line":110},"17":{"loc":{"start":{"line":263,"column":15},"end":{"line":263,"column":null}},"type":"cond-expr","locations":[{"start":{"line":263,"column":25},"end":{"line":263,"column":40}},{"start":{"line":263,"column":40},"end":{"line":263,"column":null}}],"line":263},"18":{"loc":{"start":{"line":263,"column":40},"end":{"line":263,"column":null}},"type":"cond-expr","locations":[{"start":{"line":263,"column":47},"end":{"line":263,"column":58}},{"start":{"line":263,"column":58},"end":{"line":263,"column":null}}],"line":263}},"s":{"0":18,"1":18,"2":18,"3":18,"4":18,"5":6,"6":6,"7":6,"8":6,"9":0,"10":6,"11":18,"12":1,"13":1,"14":1,"15":1,"16":1,"17":0,"18":1,"19":18,"20":0,"21":0,"22":0,"23":0,"24":18,"25":1,"26":0,"27":16,"28":0,"29":1,"30":1,"31":1,"32":0,"33":0,"34":0,"35":0,"36":1,"37":0,"38":0},"f":{"0":18,"1":6,"2":6,"3":1,"4":0,"5":0,"6":1,"7":0,"8":16,"9":0,"10":1,"11":1,"12":1,"13":0,"14":0,"15":0,"16":0,"17":1,"18":0,"19":0},"b":{"0":[18,16],"1":[18,16],"2":[18,16],"3":[18,16],"4":[18,16],"5":[18,16],"6":[18,16],"7":[18,16],"8":[18,16],"9":[18,16],"10":[18,18],"11":[18,16],"12":[0,0],"13":[0,0],"14":[2,16],"15":[18,0],"16":[18,8],"17":[1,17],"18":[2,15]},"meta":{"lastBranch":19,"lastFunction":20,"lastStatement":39,"seen":{"f:20:24:20:38":0,"s:21:30:34:Infinity":0,"b:22:18:22:40:22:40:22:Infinity":0,"b:23:20:23:44:23:44:23:Infinity":1,"b:24:18:24:40:24:40:24:Infinity":2,"b:25:18:25:40:25:40:25:Infinity":3,"b:26:16:26:36:26:36:26:Infinity":4,"b:27:19:27:42:27:42:27:Infinity":5,"b:28:18:28:40:28:40:28:Infinity":6,"b:29:21:29:46:29:46:29:Infinity":7,"b:30:20:30:44:30:44:30:Infinity":8,"b:31:23:31:50:31:50:31:Infinity":9,"b:32:21:32:46:32:46:32:Infinity":10,"b:33:13:33:30:33:30:33:Infinity":11,"s:36:40:36:Infinity":1,"s:37:28:37:Infinity":2,"s:38:24:38:Infinity":3,"s:40:2:50:Infinity":4,"f:40:12:40:18":1,"s:41:25:48:Infinity":5,"f:41:25:41:37":2,"s:42:6:47:Infinity":6,"s:43:24:43:Infinity":7,"s:44:8:44:Infinity":8,"s:46:8:46:Infinity":9,"s:49:4:49:Infinity":10,"s:52:23:64:Infinity":11,"f:52:23:52:30":3,"s:53:4:53:Infinity":12,"s:54:4:54:Infinity":13,"s:55:4:55:Infinity":14,"s:57:4:63:Infinity":15,"s:58:6:58:Infinity":16,"s:60:6:60:Infinity":17,"b:60:38:60:52:60:52:60:79":12,"s:62:6:62:Infinity":18,"s:66:29:76:Infinity":19,"f:66:29:66:30":4,"s:67:19:67:Infinity":20,"f:67:38:67:43":5,"s:67:43:67:64":21,"b:68:4:75:Infinity:undefined:undefined:undefined:undefined":13,"s:68:4:75:Infinity":22,"s:69:6:74:Infinity":23,"s:78:2:268:Infinity":24,"b:83:20:83:40:83:40:83:Infinity":14,"b:88:11:88:Infinity:89:12:91:Infinity":15,"f:103:24:103:29":6,"s:103:29:103:Infinity":25,"b:110:11:110:Infinity:111:12:126:Infinity":16,"f:116:26:116:31":7,"s:116:31:116:Infinity":26,"f:120:35:120:Infinity":8,"s:121:18:123:Infinity":27,"f:135:26:135:31":9,"s:135:31:135:Infinity":28,"f:148:26:148:31":10,"s:148:31:148:Infinity":29,"f:161:26:161:31":11,"s:161:31:161:Infinity":30,"f:173:26:173:31":12,"s:173:31:173:Infinity":31,"f:182:26:182:31":13,"s:182:31:182:Infinity":32,"f:191:26:191:31":14,"s:191:31:191:Infinity":33,"f:200:26:200:31":15,"s:200:31:200:Infinity":34,"f:209:26:209:31":16,"s:209:31:209:Infinity":35,"f:218:26:218:31":17,"s:218:31:218:Infinity":36,"f:227:26:227:31":18,"s:227:31:227:Infinity":37,"f:241:24:241:29":19,"s:241:29:241:Infinity":38,"b:263:25:263:40:263:40:263:Infinity":17,"b:263:47:263:58:263:58:263:Infinity":18}}}
,"/home/jeremy/Server/Projects/CaddyProxyManagerPlus/CaddyProxyManagerPlus/frontend/src/components/RemoteServerForm.tsx": {"path":"/home/jeremy/Server/Projects/CaddyProxyManagerPlus/CaddyProxyManagerPlus/frontend/src/components/RemoteServerForm.tsx","statementMap":{"0":{"start":{"line":12,"column":30},"end":{"line":19,"column":null}},"1":{"start":{"line":21,"column":28},"end":{"line":21,"column":null}},"2":{"start":{"line":22,"column":24},"end":{"line":22,"column":null}},"3":{"start":{"line":23,"column":34},"end":{"line":23,"column":null}},"4":{"start":{"line":24,"column":28},"end":{"line":24,"column":null}},"5":{"start":{"line":26,"column":23},"end":{"line":38,"column":null}},"6":{"start":{"line":27,"column":4},"end":{"line":27,"column":null}},"7":{"start":{"line":28,"column":4},"end":{"line":28,"column":null}},"8":{"start":{"line":29,"column":4},"end":{"line":29,"column":null}},"9":{"start":{"line":31,"column":4},"end":{"line":37,"column":null}},"10":{"start":{"line":32,"column":6},"end":{"line":32,"column":null}},"11":{"start":{"line":34,"column":6},"end":{"line":34,"column":null}},"12":{"start":{"line":36,"column":6},"end":{"line":36,"column":null}},"13":{"start":{"line":40,"column":31},"end":{"line":55,"column":null}},"14":{"start":{"line":41,"column":4},"end":{"line":41,"column":null}},"15":{"start":{"line":41,"column":17},"end":{"line":41,"column":null}},"16":{"start":{"line":43,"column":4},"end":{"line":43,"column":null}},"17":{"start":{"line":44,"column":4},"end":{"line":44,"column":null}},"18":{"start":{"line":45,"column":4},"end":{"line":45,"column":null}},"19":{"start":{"line":47,"column":4},"end":{"line":54,"column":null}},"20":{"start":{"line":48,"column":21},"end":{"line":48,"column":null}},"21":{"start":{"line":49,"column":6},"end":{"line":49,"column":null}},"22":{"start":{"line":51,"column":6},"end":{"line":51,"column":null}},"23":{"start":{"line":53,"column":6},"end":{"line":53,"column":null}},"24":{"start":{"line":57,"column":2},"end":{"line":208,"column":null}},"25":{"start":{"line":79,"column":29},"end":{"line":79,"column":null}},"26":{"start":{"line":89,"column":29},"end":{"line":89,"column":null}},"27":{"start":{"line":108,"column":31},"end":{"line":108,"column":null}},"28":{"start":{"line":121,"column":31},"end":{"line":121,"column":null}},"29":{"start":{"line":134,"column":29},"end":{"line":134,"column":null}},"30":{"start":{"line":144,"column":29},"end":{"line":144,"column":null}}},"fnMap":{"0":{"name":"RemoteServerForm","decl":{"start":{"line":11,"column":24},"end":{"line":11,"column":41}},"loc":{"start":{"line":11,"column":96},"end":{"line":210,"column":null}},"line":11},"1":{"name":"(anonymous_1)","decl":{"start":{"line":26,"column":23},"end":{"line":26,"column":30}},"loc":{"start":{"line":26,"column":53},"end":{"line":38,"column":null}},"line":26},"2":{"name":"(anonymous_2)","decl":{"start":{"line":40,"column":31},"end":{"line":40,"column":43}},"loc":{"start":{"line":40,"column":43},"end":{"line":55,"column":null}},"line":40},"3":{"name":"(anonymous_3)","decl":{"start":{"line":79,"column":24},"end":{"line":79,"column":29}},"loc":{"start":{"line":79,"column":29},"end":{"line":79,"column":null}},"line":79},"4":{"name":"(anonymous_4)","decl":{"start":{"line":89,"column":24},"end":{"line":89,"column":29}},"loc":{"start":{"line":89,"column":29},"end":{"line":89,"column":null}},"line":89},"5":{"name":"(anonymous_5)","decl":{"start":{"line":108,"column":26},"end":{"line":108,"column":31}},"loc":{"start":{"line":108,"column":31},"end":{"line":108,"column":null}},"line":108},"6":{"name":"(anonymous_6)","decl":{"start":{"line":121,"column":26},"end":{"line":121,"column":31}},"loc":{"start":{"line":121,"column":31},"end":{"line":121,"column":null}},"line":121},"7":{"name":"(anonymous_7)","decl":{"start":{"line":134,"column":24},"end":{"line":134,"column":29}},"loc":{"start":{"line":134,"column":29},"end":{"line":134,"column":null}},"line":134},"8":{"name":"(anonymous_8)","decl":{"start":{"line":144,"column":24},"end":{"line":144,"column":29}},"loc":{"start":{"line":144,"column":29},"end":{"line":144,"column":null}},"line":144}},"branchMap":{"0":{"loc":{"start":{"line":13,"column":10},"end":{"line":13,"column":null}},"type":"binary-expr","locations":[{"start":{"line":13,"column":10},"end":{"line":13,"column":26}},{"start":{"line":13,"column":26},"end":{"line":13,"column":null}}],"line":13},"1":{"loc":{"start":{"line":14,"column":14},"end":{"line":14,"column":null}},"type":"binary-expr","locations":[{"start":{"line":14,"column":14},"end":{"line":14,"column":34}},{"start":{"line":14,"column":34},"end":{"line":14,"column":null}}],"line":14},"2":{"loc":{"start":{"line":15,"column":10},"end":{"line":15,"column":null}},"type":"binary-expr","locations":[{"start":{"line":15,"column":10},"end":{"line":15,"column":26}},{"start":{"line":15,"column":26},"end":{"line":15,"column":null}}],"line":15},"3":{"loc":{"start":{"line":16,"column":10},"end":{"line":16,"column":null}},"type":"binary-expr","locations":[{"start":{"line":16,"column":10},"end":{"line":16,"column":26}},{"start":{"line":16,"column":26},"end":{"line":16,"column":null}}],"line":16},"4":{"loc":{"start":{"line":17,"column":14},"end":{"line":17,"column":null}},"type":"binary-expr","locations":[{"start":{"line":17,"column":14},"end":{"line":17,"column":34}},{"start":{"line":17,"column":34},"end":{"line":17,"column":null}}],"line":17},"5":{"loc":{"start":{"line":18,"column":13},"end":{"line":18,"column":null}},"type":"binary-expr","locations":[{"start":{"line":18,"column":13},"end":{"line":18,"column":32}},{"start":{"line":18,"column":32},"end":{"line":18,"column":null}}],"line":18},"6":{"loc":{"start":{"line":34,"column":15},"end":{"line":34,"column":82}},"type":"cond-expr","locations":[{"start":{"line":34,"column":38},"end":{"line":34,"column":52}},{"start":{"line":34,"column":52},"end":{"line":34,"column":82}}],"line":34},"7":{"loc":{"start":{"line":41,"column":4},"end":{"line":41,"column":null}},"type":"if","locations":[{"start":{"line":41,"column":4},"end":{"line":41,"column":null}},{"start":{},"end":{}}],"line":41},"8":{"loc":{"start":{"line":51,"column":15},"end":{"line":51,"column":79}},"type":"cond-expr","locations":[{"start":{"line":51,"column":38},"end":{"line":51,"column":52}},{"start":{"line":51,"column":52},"end":{"line":51,"column":79}}],"line":51},"9":{"loc":{"start":{"line":62,"column":13},"end":{"line":62,"column":null}},"type":"cond-expr","locations":[{"start":{"line":62,"column":22},"end":{"line":62,"column":45}},{"start":{"line":62,"column":45},"end":{"line":62,"column":null}}],"line":62},"10":{"loc":{"start":{"line":67,"column":11},"end":{"line":70,"column":null}},"type":"binary-expr","locations":[{"start":{"line":67,"column":11},"end":{"line":67,"column":null}},{"start":{"line":68,"column":12},"end":{"line":70,"column":null}}],"line":67},"11":{"loc":{"start":{"line":151,"column":11},"end":{"line":186,"column":null}},"type":"binary-expr","locations":[{"start":{"line":151,"column":11},"end":{"line":151,"column":null}},{"start":{"line":152,"column":12},"end":{"line":186,"column":null}}],"line":151},"12":{"loc":{"start":{"line":159,"column":17},"end":{"line":168,"column":null}},"type":"cond-expr","locations":[{"start":{"line":160,"column":18},"end":{"line":163,"column":null}},{"start":{"line":165,"column":18},"end":{"line":168,"column":null}}],"line":159},"13":{"loc":{"start":{"line":171,"column":15},"end":{"line":184,"column":null}},"type":"binary-expr","locations":[{"start":{"line":171,"column":15},"end":{"line":171,"column":null}},{"start":{"line":172,"column":16},"end":{"line":184,"column":null}}],"line":171},"14":{"loc":{"start":{"line":172,"column":55},"end":{"line":172,"column":159}},"type":"cond-expr","locations":[{"start":{"line":172,"column":78},"end":{"line":172,"column":122}},{"start":{"line":172,"column":122},"end":{"line":172,"column":159}}],"line":172},"15":{"loc":{"start":{"line":174,"column":37},"end":{"line":174,"column":null}},"type":"cond-expr","locations":[{"start":{"line":174,"column":60},"end":{"line":174,"column":79}},{"start":{"line":174,"column":79},"end":{"line":174,"column":null}}],"line":174},"16":{"loc":{"start":{"line":175,"column":23},"end":{"line":175,"column":null}},"type":"cond-expr","locations":[{"start":{"line":175,"column":46},"end":{"line":175,"column":74}},{"start":{"line":175,"column":74},"end":{"line":175,"column":null}}],"line":175},"17":{"loc":{"start":{"line":178,"column":19},"end":{"line":179,"column":null}},"type":"binary-expr","locations":[{"start":{"line":178,"column":19},"end":{"line":178,"column":null}},{"start":{"line":179,"column":20},"end":{"line":179,"column":null}}],"line":178},"18":{"loc":{"start":{"line":181,"column":19},"end":{"line":182,"column":null}},"type":"binary-expr","locations":[{"start":{"line":181,"column":19},"end":{"line":181,"column":null}},{"start":{"line":182,"column":20},"end":{"line":182,"column":null}}],"line":181},"19":{"loc":{"start":{"line":203,"column":15},"end":{"line":203,"column":null}},"type":"cond-expr","locations":[{"start":{"line":203,"column":25},"end":{"line":203,"column":40}},{"start":{"line":203,"column":40},"end":{"line":203,"column":null}}],"line":203},"20":{"loc":{"start":{"line":203,"column":40},"end":{"line":203,"column":null}},"type":"cond-expr","locations":[{"start":{"line":203,"column":49},"end":{"line":203,"column":60}},{"start":{"line":203,"column":60},"end":{"line":203,"column":null}}],"line":203}},"s":{"0":13,"1":13,"2":13,"3":13,"4":13,"5":13,"6":1,"7":1,"8":1,"9":1,"10":1,"11":0,"12":1,"13":13,"14":0,"15":0,"16":0,"17":0,"18":0,"19":0,"20":0,"21":0,"22":0,"23":0,"24":13,"25":1,"26":1,"27":1,"28":1,"29":0,"30":0},"f":{"0":13,"1":1,"2":0,"3":1,"4":1,"5":1,"6":1,"7":0,"8":0},"b":{"0":[13,11],"1":[13,11],"2":[13,11],"3":[13,11],"4":[13,12],"5":[13,11],"6":[0,0],"7":[0,0],"8":[0,0],"9":[2,11],"10":[13,0],"11":[13,2],"12":[0,2],"13":[2,0],"14":[0,0],"15":[0,0],"16":[0,0],"17":[0,0],"18":[0,0],"19":[1,12],"20":[2,10]},"meta":{"lastBranch":21,"lastFunction":9,"lastStatement":31,"seen":{"f:11:24:11:41":0,"s:12:30:19:Infinity":0,"b:13:10:13:26:13:26:13:Infinity":0,"b:14:14:14:34:14:34:14:Infinity":1,"b:15:10:15:26:15:26:15:Infinity":2,"b:16:10:16:26:16:26:16:Infinity":3,"b:17:14:17:34:17:34:17:Infinity":4,"b:18:13:18:32:18:32:18:Infinity":5,"s:21:28:21:Infinity":1,"s:22:24:22:Infinity":2,"s:23:34:23:Infinity":3,"s:24:28:24:Infinity":4,"s:26:23:38:Infinity":5,"f:26:23:26:30":1,"s:27:4:27:Infinity":6,"s:28:4:28:Infinity":7,"s:29:4:29:Infinity":8,"s:31:4:37:Infinity":9,"s:32:6:32:Infinity":10,"s:34:6:34:Infinity":11,"b:34:38:34:52:34:52:34:82":6,"s:36:6:36:Infinity":12,"s:40:31:55:Infinity":13,"f:40:31:40:43":2,"b:41:4:41:Infinity:undefined:undefined:undefined:undefined":7,"s:41:4:41:Infinity":14,"s:41:17:41:Infinity":15,"s:43:4:43:Infinity":16,"s:44:4:44:Infinity":17,"s:45:4:45:Infinity":18,"s:47:4:54:Infinity":19,"s:48:21:48:Infinity":20,"s:49:6:49:Infinity":21,"s:51:6:51:Infinity":22,"b:51:38:51:52:51:52:51:79":8,"s:53:6:53:Infinity":23,"s:57:2:208:Infinity":24,"b:62:22:62:45:62:45:62:Infinity":9,"b:67:11:67:Infinity:68:12:70:Infinity":10,"f:79:24:79:29":3,"s:79:29:79:Infinity":25,"f:89:24:89:29":4,"s:89:29:89:Infinity":26,"f:108:26:108:31":5,"s:108:31:108:Infinity":27,"f:121:26:121:31":6,"s:121:31:121:Infinity":28,"f:134:24:134:29":7,"s:134:29:134:Infinity":29,"f:144:24:144:29":8,"s:144:29:144:Infinity":30,"b:151:11:151:Infinity:152:12:186:Infinity":11,"b:160:18:163:Infinity:165:18:168:Infinity":12,"b:171:15:171:Infinity:172:16:184:Infinity":13,"b:172:78:172:122:172:122:172:159":14,"b:174:60:174:79:174:79:174:Infinity":15,"b:175:46:175:74:175:74:175:Infinity":16,"b:178:19:178:Infinity:179:20:179:Infinity":17,"b:181:19:181:Infinity:182:20:182:Infinity":18,"b:203:25:203:40:203:40:203:Infinity":19,"b:203:49:203:60:203:60:203:Infinity":20}}}
}
