mode: set
github.com/Wikid82/charon/backend/internal/services/access_list_service.go:77.59,79.2 1 1
github.com/Wikid82/charon/backend/internal/services/access_list_service.go:83.69,85.2 1 1
github.com/Wikid82/charon/backend/internal/services/access_list_service.go:88.61,90.2 1 1
github.com/Wikid82/charon/backend/internal/services/access_list_service.go:93.66,94.50 1 1
github.com/Wikid82/charon/backend/internal/services/access_list_service.go:94.50,96.3 1 1
github.com/Wikid82/charon/backend/internal/services/access_list_service.go:98.2,99.31 2 1
github.com/Wikid82/charon/backend/internal/services/access_list_service.go:103.74,105.51 2 1
github.com/Wikid82/charon/backend/internal/services/access_list_service.go:105.51,106.45 1 1
github.com/Wikid82/charon/backend/internal/services/access_list_service.go:106.45,108.4 1 1
github.com/Wikid82/charon/backend/internal/services/access_list_service.go:109.3,109.18 1 0
github.com/Wikid82/charon/backend/internal/services/access_list_service.go:111.2,111.18 1 1
github.com/Wikid82/charon/backend/internal/services/access_list_service.go:115.83,117.74 2 1
github.com/Wikid82/charon/backend/internal/services/access_list_service.go:117.74,118.45 1 1
github.com/Wikid82/charon/backend/internal/services/access_list_service.go:118.45,120.4 1 1
github.com/Wikid82/charon/backend/internal/services/access_list_service.go:121.3,121.18 1 0
github.com/Wikid82/charon/backend/internal/services/access_list_service.go:123.2,123.18 1 1
github.com/Wikid82/charon/backend/internal/services/access_list_service.go:127.65,129.72 2 1
github.com/Wikid82/charon/backend/internal/services/access_list_service.go:129.72,131.3 1 0
github.com/Wikid82/charon/backend/internal/services/access_list_service.go:132.2,132.18 1 1
github.com/Wikid82/charon/backend/internal/services/access_list_service.go:136.79,138.16 2 1
github.com/Wikid82/charon/backend/internal/services/access_list_service.go:138.16,140.3 1 1
github.com/Wikid82/charon/backend/internal/services/access_list_service.go:143.2,151.50 8 1
github.com/Wikid82/charon/backend/internal/services/access_list_service.go:151.50,153.3 1 1
github.com/Wikid82/charon/backend/internal/services/access_list_service.go:155.2,155.29 1 1
github.com/Wikid82/charon/backend/internal/services/access_list_service.go:159.51,162.108 2 1
github.com/Wikid82/charon/backend/internal/services/access_list_service.go:162.108,164.3 1 0
github.com/Wikid82/charon/backend/internal/services/access_list_service.go:165.2,165.15 1 1
github.com/Wikid82/charon/backend/internal/services/access_list_service.go:165.15,167.3 1 1
github.com/Wikid82/charon/backend/internal/services/access_list_service.go:169.2,170.25 2 1
github.com/Wikid82/charon/backend/internal/services/access_list_service.go:170.25,172.3 1 0
github.com/Wikid82/charon/backend/internal/services/access_list_service.go:173.2,173.30 1 1
github.com/Wikid82/charon/backend/internal/services/access_list_service.go:173.30,175.3 1 1
github.com/Wikid82/charon/backend/internal/services/access_list_service.go:176.2,176.12 1 1
github.com/Wikid82/charon/backend/internal/services/access_list_service.go:180.107,182.16 2 1
github.com/Wikid82/charon/backend/internal/services/access_list_service.go:182.16,184.3 1 0
github.com/Wikid82/charon/backend/internal/services/access_list_service.go:186.2,186.18 1 1
github.com/Wikid82/charon/backend/internal/services/access_list_service.go:186.18,188.3 1 1
github.com/Wikid82/charon/backend/internal/services/access_list_service.go:190.2,191.15 2 1
github.com/Wikid82/charon/backend/internal/services/access_list_service.go:191.15,193.3 1 1
github.com/Wikid82/charon/backend/internal/services/access_list_service.go:196.2,196.26 1 1
github.com/Wikid82/charon/backend/internal/services/access_list_service.go:196.26,197.25 1 1
github.com/Wikid82/charon/backend/internal/services/access_list_service.go:197.25,199.4 1 1
github.com/Wikid82/charon/backend/internal/services/access_list_service.go:200.3,200.57 1 1
github.com/Wikid82/charon/backend/internal/services/access_list_service.go:204.2,204.41 1 1
github.com/Wikid82/charon/backend/internal/services/access_list_service.go:204.41,206.3 1 1
github.com/Wikid82/charon/backend/internal/services/access_list_service.go:209.2,209.23 1 1
github.com/Wikid82/charon/backend/internal/services/access_list_service.go:209.23,211.69 2 1
github.com/Wikid82/charon/backend/internal/services/access_list_service.go:211.69,212.31 1 1
github.com/Wikid82/charon/backend/internal/services/access_list_service.go:212.31,213.39 1 1
github.com/Wikid82/charon/backend/internal/services/access_list_service.go:213.39,214.33 1 1
github.com/Wikid82/charon/backend/internal/services/access_list_service.go:214.33,216.7 1 1
github.com/Wikid82/charon/backend/internal/services/access_list_service.go:217.6,217.33 1 1
github.com/Wikid82/charon/backend/internal/services/access_list_service.go:217.33,219.7 1 1
github.com/Wikid82/charon/backend/internal/services/access_list_service.go:226.2,226.29 1 1
github.com/Wikid82/charon/backend/internal/services/access_list_service.go:226.29,228.3 1 1
github.com/Wikid82/charon/backend/internal/services/access_list_service.go:229.2,229.38 1 1
github.com/Wikid82/charon/backend/internal/services/access_list_service.go:233.122,235.49 1 1
github.com/Wikid82/charon/backend/internal/services/access_list_service.go:235.49,238.3 1 1
github.com/Wikid82/charon/backend/internal/services/access_list_service.go:241.2,242.16 2 0
github.com/Wikid82/charon/backend/internal/services/access_list_service.go:242.16,244.41 1 0
github.com/Wikid82/charon/backend/internal/services/access_list_service.go:244.41,246.35 1 0
github.com/Wikid82/charon/backend/internal/services/access_list_service.go:246.35,248.5 1 0
github.com/Wikid82/charon/backend/internal/services/access_list_service.go:250.4,250.70 1 0
github.com/Wikid82/charon/backend/internal/services/access_list_service.go:253.3,253.85 1 0
github.com/Wikid82/charon/backend/internal/services/access_list_service.go:257.2,261.40 3 0
github.com/Wikid82/charon/backend/internal/services/access_list_service.go:261.40,262.39 1 0
github.com/Wikid82/charon/backend/internal/services/access_list_service.go:262.39,264.9 2 0
github.com/Wikid82/charon/backend/internal/services/access_list_service.go:269.2,269.33 1 0
github.com/Wikid82/charon/backend/internal/services/access_list_service.go:269.33,270.20 1 0
github.com/Wikid82/charon/backend/internal/services/access_list_service.go:270.20,272.4 1 0
github.com/Wikid82/charon/backend/internal/services/access_list_service.go:273.3,273.112 1 0
github.com/Wikid82/charon/backend/internal/services/access_list_service.go:277.2,277.19 1 0
github.com/Wikid82/charon/backend/internal/services/access_list_service.go:277.19,279.3 1 0
github.com/Wikid82/charon/backend/internal/services/access_list_service.go:280.2,280.93 1 0
github.com/Wikid82/charon/backend/internal/services/access_list_service.go:284.70,285.17 1 1
github.com/Wikid82/charon/backend/internal/services/access_list_service.go:285.17,287.3 1 1
github.com/Wikid82/charon/backend/internal/services/access_list_service.go:288.2,290.29 3 1
github.com/Wikid82/charon/backend/internal/services/access_list_service.go:290.29,292.17 2 1
github.com/Wikid82/charon/backend/internal/services/access_list_service.go:292.17,294.4 1 1
github.com/Wikid82/charon/backend/internal/services/access_list_service.go:296.2,296.15 1 1
github.com/Wikid82/charon/backend/internal/services/access_list_service.go:300.78,302.39 1 1
github.com/Wikid82/charon/backend/internal/services/access_list_service.go:302.39,304.3 1 1
github.com/Wikid82/charon/backend/internal/services/access_list_service.go:307.2,307.30 1 1
github.com/Wikid82/charon/backend/internal/services/access_list_service.go:307.30,309.3 1 1
github.com/Wikid82/charon/backend/internal/services/access_list_service.go:312.2,312.23 1 1
github.com/Wikid82/charon/backend/internal/services/access_list_service.go:312.23,314.69 2 1
github.com/Wikid82/charon/backend/internal/services/access_list_service.go:314.69,316.4 1 0
github.com/Wikid82/charon/backend/internal/services/access_list_service.go:318.3,318.30 1 1
github.com/Wikid82/charon/backend/internal/services/access_list_service.go:318.30,319.33 1 1
github.com/Wikid82/charon/backend/internal/services/access_list_service.go:319.33,321.5 1 1
github.com/Wikid82/charon/backend/internal/services/access_list_service.go:326.2,326.41 1 1
github.com/Wikid82/charon/backend/internal/services/access_list_service.go:326.41,327.29 1 1
github.com/Wikid82/charon/backend/internal/services/access_list_service.go:327.29,329.4 1 1
github.com/Wikid82/charon/backend/internal/services/access_list_service.go:330.3,331.30 2 1
github.com/Wikid82/charon/backend/internal/services/access_list_service.go:331.30,333.35 2 1
github.com/Wikid82/charon/backend/internal/services/access_list_service.go:333.35,335.5 1 1
github.com/Wikid82/charon/backend/internal/services/access_list_service.go:339.2,339.12 1 1
github.com/Wikid82/charon/backend/internal/services/access_list_service.go:343.62,344.45 1 1
github.com/Wikid82/charon/backend/internal/services/access_list_service.go:344.45,345.23 1 1
github.com/Wikid82/charon/backend/internal/services/access_list_service.go:345.23,347.4 1 1
github.com/Wikid82/charon/backend/internal/services/access_list_service.go:349.2,349.14 1 1
github.com/Wikid82/charon/backend/internal/services/access_list_service.go:353.59,355.40 1 1
github.com/Wikid82/charon/backend/internal/services/access_list_service.go:355.40,357.3 1 1
github.com/Wikid82/charon/backend/internal/services/access_list_service.go:360.2,361.19 2 1
github.com/Wikid82/charon/backend/internal/services/access_list_service.go:365.66,367.20 2 1
github.com/Wikid82/charon/backend/internal/services/access_list_service.go:367.20,369.3 1 1
github.com/Wikid82/charon/backend/internal/services/access_list_service.go:370.2,371.43 2 1
github.com/Wikid82/charon/backend/internal/services/access_list_service.go:375.72,377.52 1 1
github.com/Wikid82/charon/backend/internal/services/access_list_service.go:377.52,379.3 1 1
github.com/Wikid82/charon/backend/internal/services/access_list_service.go:382.2,383.16 2 1
github.com/Wikid82/charon/backend/internal/services/access_list_service.go:383.16,385.3 1 1
github.com/Wikid82/charon/backend/internal/services/access_list_service.go:386.2,386.27 1 1
github.com/Wikid82/charon/backend/internal/services/access_list_service.go:390.57,391.46 1 1
github.com/Wikid82/charon/backend/internal/services/access_list_service.go:391.46,393.17 2 1
github.com/Wikid82/charon/backend/internal/services/access_list_service.go:393.17,394.12 1 0
github.com/Wikid82/charon/backend/internal/services/access_list_service.go:396.3,396.25 1 1
github.com/Wikid82/charon/backend/internal/services/access_list_service.go:396.25,398.4 1 1
github.com/Wikid82/charon/backend/internal/services/access_list_service.go:400.2,400.14 1 1
github.com/Wikid82/charon/backend/internal/services/access_list_service.go:404.61,449.2 1 1
github.com/Wikid82/charon/backend/internal/services/auth_service.go:20.66,22.2 1 1
github.com/Wikid82/charon/backend/internal/services/auth_service.go:30.84,36.16 5 1
github.com/Wikid82/charon/backend/internal/services/auth_service.go:36.16,38.3 1 1
github.com/Wikid82/charon/backend/internal/services/auth_service.go:40.2,50.51 2 1
github.com/Wikid82/charon/backend/internal/services/auth_service.go:50.51,52.3 1 0
github.com/Wikid82/charon/backend/internal/services/auth_service.go:54.2,54.48 1 1
github.com/Wikid82/charon/backend/internal/services/auth_service.go:54.48,56.3 1 0
github.com/Wikid82/charon/backend/internal/services/auth_service.go:58.2,58.18 1 1
github.com/Wikid82/charon/backend/internal/services/auth_service.go:61.69,64.74 3 1
github.com/Wikid82/charon/backend/internal/services/auth_service.go:64.74,66.3 1 0
github.com/Wikid82/charon/backend/internal/services/auth_service.go:68.2,68.19 1 1
github.com/Wikid82/charon/backend/internal/services/auth_service.go:68.19,70.3 1 0
github.com/Wikid82/charon/backend/internal/services/auth_service.go:72.2,72.67 1 1
github.com/Wikid82/charon/backend/internal/services/auth_service.go:72.67,74.3 1 1
github.com/Wikid82/charon/backend/internal/services/auth_service.go:76.2,76.35 1 1
github.com/Wikid82/charon/backend/internal/services/auth_service.go:76.35,78.36 2 1
github.com/Wikid82/charon/backend/internal/services/auth_service.go:78.36,81.4 2 1
github.com/Wikid82/charon/backend/internal/services/auth_service.go:82.3,83.47 2 1
github.com/Wikid82/charon/backend/internal/services/auth_service.go:87.2,93.31 6 1
github.com/Wikid82/charon/backend/internal/services/auth_service.go:96.72,109.2 4 1
github.com/Wikid82/charon/backend/internal/services/auth_service.go:111.90,113.56 2 1
github.com/Wikid82/charon/backend/internal/services/auth_service.go:113.56,115.3 1 1
github.com/Wikid82/charon/backend/internal/services/auth_service.go:117.2,117.38 1 1
github.com/Wikid82/charon/backend/internal/services/auth_service.go:117.38,119.3 1 1
github.com/Wikid82/charon/backend/internal/services/auth_service.go:121.2,121.54 1 1
github.com/Wikid82/charon/backend/internal/services/auth_service.go:121.54,123.3 1 0
github.com/Wikid82/charon/backend/internal/services/auth_service.go:125.2,125.31 1 1
github.com/Wikid82/charon/backend/internal/services/auth_service.go:128.74,130.101 2 1
github.com/Wikid82/charon/backend/internal/services/auth_service.go:130.101,132.3 1 1
github.com/Wikid82/charon/backend/internal/services/auth_service.go:134.2,134.16 1 1
github.com/Wikid82/charon/backend/internal/services/auth_service.go:134.16,136.3 1 1
github.com/Wikid82/charon/backend/internal/services/auth_service.go:138.2,138.18 1 1
github.com/Wikid82/charon/backend/internal/services/auth_service.go:138.18,140.3 1 0
github.com/Wikid82/charon/backend/internal/services/auth_service.go:142.2,142.20 1 1
github.com/Wikid82/charon/backend/internal/services/auth_service.go:145.66,147.52 2 1
github.com/Wikid82/charon/backend/internal/services/auth_service.go:147.52,149.3 1 1
github.com/Wikid82/charon/backend/internal/services/auth_service.go:150.2,150.19 1 1
github.com/Wikid82/charon/backend/internal/services/backup_service.go:33.58,36.54 2 1
github.com/Wikid82/charon/backend/internal/services/backup_service.go:36.54,38.3 1 1
github.com/Wikid82/charon/backend/internal/services/backup_service.go:40.2,49.16 3 1
github.com/Wikid82/charon/backend/internal/services/backup_service.go:49.16,51.3 1 0
github.com/Wikid82/charon/backend/internal/services/backup_service.go:54.2,54.10 1 1
github.com/Wikid82/charon/backend/internal/services/backup_service.go:62.33,65.2 2 1
github.com/Wikid82/charon/backend/internal/services/backup_service.go:69.32,73.2 3 1
github.com/Wikid82/charon/backend/internal/services/backup_service.go:75.46,77.47 2 1
github.com/Wikid82/charon/backend/internal/services/backup_service.go:77.47,79.3 1 1
github.com/Wikid82/charon/backend/internal/services/backup_service.go:79.8,83.78 2 1
github.com/Wikid82/charon/backend/internal/services/backup_service.go:83.78,85.4 1 0
github.com/Wikid82/charon/backend/internal/services/backup_service.go:85.9,85.25 1 1
github.com/Wikid82/charon/backend/internal/services/backup_service.go:85.25,87.4 1 1
github.com/Wikid82/charon/backend/internal/services/backup_service.go:94.66,95.14 1 1
github.com/Wikid82/charon/backend/internal/services/backup_service.go:95.14,97.3 1 1
github.com/Wikid82/charon/backend/internal/services/backup_service.go:99.2,100.16 2 1
github.com/Wikid82/charon/backend/internal/services/backup_service.go:100.16,102.3 1 1
github.com/Wikid82/charon/backend/internal/services/backup_service.go:105.2,105.26 1 1
github.com/Wikid82/charon/backend/internal/services/backup_service.go:105.26,107.3 1 1
github.com/Wikid82/charon/backend/internal/services/backup_service.go:109.2,112.34 3 1
github.com/Wikid82/charon/backend/internal/services/backup_service.go:112.34,113.57 1 1
github.com/Wikid82/charon/backend/internal/services/backup_service.go:113.57,115.12 2 0
github.com/Wikid82/charon/backend/internal/services/backup_service.go:117.3,118.82 2 1
github.com/Wikid82/charon/backend/internal/services/backup_service.go:121.2,121.21 1 1
github.com/Wikid82/charon/backend/internal/services/backup_service.go:125.64,127.16 2 1
github.com/Wikid82/charon/backend/internal/services/backup_service.go:127.16,129.3 1 1
github.com/Wikid82/charon/backend/internal/services/backup_service.go:131.2,131.23 1 1
github.com/Wikid82/charon/backend/internal/services/backup_service.go:131.23,133.3 1 1
github.com/Wikid82/charon/backend/internal/services/backup_service.go:136.2,136.29 1 1
github.com/Wikid82/charon/backend/internal/services/backup_service.go:140.61,142.16 2 1
github.com/Wikid82/charon/backend/internal/services/backup_service.go:142.16,143.25 1 1
github.com/Wikid82/charon/backend/internal/services/backup_service.go:143.25,145.4 1 1
github.com/Wikid82/charon/backend/internal/services/backup_service.go:146.3,146.18 1 1
github.com/Wikid82/charon/backend/internal/services/backup_service.go:149.2,150.32 2 1
github.com/Wikid82/charon/backend/internal/services/backup_service.go:150.32,151.64 1 1
github.com/Wikid82/charon/backend/internal/services/backup_service.go:151.64,153.18 2 1
github.com/Wikid82/charon/backend/internal/services/backup_service.go:153.18,154.13 1 0
github.com/Wikid82/charon/backend/internal/services/backup_service.go:156.4,160.6 1 1
github.com/Wikid82/charon/backend/internal/services/backup_service.go:165.2,165.42 1 1
github.com/Wikid82/charon/backend/internal/services/backup_service.go:165.42,167.3 1 1
github.com/Wikid82/charon/backend/internal/services/backup_service.go:169.2,169.21 1 1
github.com/Wikid82/charon/backend/internal/services/backup_service.go:173.56,179.16 5 1
github.com/Wikid82/charon/backend/internal/services/backup_service.go:179.16,181.3 1 1
github.com/Wikid82/charon/backend/internal/services/backup_service.go:182.2,182.15 1 1
github.com/Wikid82/charon/backend/internal/services/backup_service.go:182.15,183.41 1 1
github.com/Wikid82/charon/backend/internal/services/backup_service.go:183.41,185.4 1 0
github.com/Wikid82/charon/backend/internal/services/backup_service.go:188.2,194.51 3 1
github.com/Wikid82/charon/backend/internal/services/backup_service.go:194.51,196.3 1 1
github.com/Wikid82/charon/backend/internal/services/backup_service.go:197.2,197.62 1 1
github.com/Wikid82/charon/backend/internal/services/backup_service.go:197.62,199.3 1 0
github.com/Wikid82/charon/backend/internal/services/backup_service.go:203.2,204.60 2 1
github.com/Wikid82/charon/backend/internal/services/backup_service.go:204.60,207.3 1 1
github.com/Wikid82/charon/backend/internal/services/backup_service.go:210.2,210.34 1 1
github.com/Wikid82/charon/backend/internal/services/backup_service.go:210.34,212.3 1 0
github.com/Wikid82/charon/backend/internal/services/backup_service.go:214.2,214.22 1 1
github.com/Wikid82/charon/backend/internal/services/backup_service.go:217.80,219.16 2 1
github.com/Wikid82/charon/backend/internal/services/backup_service.go:219.16,220.25 1 1
github.com/Wikid82/charon/backend/internal/services/backup_service.go:220.25,222.4 1 1
github.com/Wikid82/charon/backend/internal/services/backup_service.go:223.3,223.13 1 0
github.com/Wikid82/charon/backend/internal/services/backup_service.go:225.2,225.15 1 1
github.com/Wikid82/charon/backend/internal/services/backup_service.go:225.15,226.38 1 1
github.com/Wikid82/charon/backend/internal/services/backup_service.go:226.38,228.4 1 0
github.com/Wikid82/charon/backend/internal/services/backup_service.go:231.2,232.16 2 1
github.com/Wikid82/charon/backend/internal/services/backup_service.go:232.16,234.3 1 0
github.com/Wikid82/charon/backend/internal/services/backup_service.go:236.2,237.12 2 1
github.com/Wikid82/charon/backend/internal/services/backup_service.go:240.82,241.84 1 1
github.com/Wikid82/charon/backend/internal/services/backup_service.go:241.84,242.17 1 1
github.com/Wikid82/charon/backend/internal/services/backup_service.go:242.17,244.4 1 1
github.com/Wikid82/charon/backend/internal/services/backup_service.go:245.3,245.19 1 1
github.com/Wikid82/charon/backend/internal/services/backup_service.go:245.19,247.4 1 1
github.com/Wikid82/charon/backend/internal/services/backup_service.go:249.3,250.17 2 1
github.com/Wikid82/charon/backend/internal/services/backup_service.go:250.17,252.4 1 0
github.com/Wikid82/charon/backend/internal/services/backup_service.go:254.3,255.38 2 1
github.com/Wikid82/charon/backend/internal/services/backup_service.go:260.61,262.27 2 1
github.com/Wikid82/charon/backend/internal/services/backup_service.go:262.27,264.3 1 1
github.com/Wikid82/charon/backend/internal/services/backup_service.go:265.2,266.59 2 1
github.com/Wikid82/charon/backend/internal/services/backup_service.go:266.59,268.3 1 0
github.com/Wikid82/charon/backend/internal/services/backup_service.go:269.2,269.24 1 1
github.com/Wikid82/charon/backend/internal/services/backup_service.go:273.72,275.27 2 1
github.com/Wikid82/charon/backend/internal/services/backup_service.go:275.27,277.3 1 1
github.com/Wikid82/charon/backend/internal/services/backup_service.go:278.2,279.59 2 1
github.com/Wikid82/charon/backend/internal/services/backup_service.go:279.59,281.3 1 0
github.com/Wikid82/charon/backend/internal/services/backup_service.go:282.2,282.18 1 1
github.com/Wikid82/charon/backend/internal/services/backup_service.go:286.62,288.27 2 1
github.com/Wikid82/charon/backend/internal/services/backup_service.go:288.27,290.3 1 1
github.com/Wikid82/charon/backend/internal/services/backup_service.go:292.2,293.62 2 1
github.com/Wikid82/charon/backend/internal/services/backup_service.go:293.62,295.3 1 0
github.com/Wikid82/charon/backend/internal/services/backup_service.go:296.2,296.44 1 1
github.com/Wikid82/charon/backend/internal/services/backup_service.go:296.44,298.3 1 1
github.com/Wikid82/charon/backend/internal/services/backup_service.go:301.2,301.36 1 1
github.com/Wikid82/charon/backend/internal/services/backup_service.go:304.55,306.16 2 1
github.com/Wikid82/charon/backend/internal/services/backup_service.go:306.16,308.3 1 1
github.com/Wikid82/charon/backend/internal/services/backup_service.go:309.2,309.15 1 1
github.com/Wikid82/charon/backend/internal/services/backup_service.go:309.15,310.35 1 1
github.com/Wikid82/charon/backend/internal/services/backup_service.go:310.35,312.4 1 0
github.com/Wikid82/charon/backend/internal/services/backup_service.go:315.2,315.27 1 1
github.com/Wikid82/charon/backend/internal/services/backup_service.go:315.27,319.79 2 1
github.com/Wikid82/charon/backend/internal/services/backup_service.go:319.79,321.4 1 1
github.com/Wikid82/charon/backend/internal/services/backup_service.go:323.3,323.27 1 1
github.com/Wikid82/charon/backend/internal/services/backup_service.go:323.27,325.12 2 1
github.com/Wikid82/charon/backend/internal/services/backup_service.go:328.3,328.71 1 1
github.com/Wikid82/charon/backend/internal/services/backup_service.go:328.71,330.4 1 0
github.com/Wikid82/charon/backend/internal/services/backup_service.go:332.3,333.17 2 1
github.com/Wikid82/charon/backend/internal/services/backup_service.go:333.17,335.4 1 0
github.com/Wikid82/charon/backend/internal/services/backup_service.go:337.3,338.17 2 1
github.com/Wikid82/charon/backend/internal/services/backup_service.go:338.17,339.42 1 0
github.com/Wikid82/charon/backend/internal/services/backup_service.go:339.42,341.5 1 0
github.com/Wikid82/charon/backend/internal/services/backup_service.go:342.4,342.14 1 0
github.com/Wikid82/charon/backend/internal/services/backup_service.go:345.3,348.65 2 1
github.com/Wikid82/charon/backend/internal/services/backup_service.go:348.65,350.4 1 0
github.com/Wikid82/charon/backend/internal/services/backup_service.go:351.3,353.17 2 1
github.com/Wikid82/charon/backend/internal/services/backup_service.go:353.17,355.4 1 0
github.com/Wikid82/charon/backend/internal/services/backup_service.go:357.2,357.12 1 1
github.com/Wikid82/charon/backend/internal/services/backup_service.go:361.60,363.59 2 1
github.com/Wikid82/charon/backend/internal/services/backup_service.go:363.59,365.3 1 1
github.com/Wikid82/charon/backend/internal/services/backup_service.go:368.2,372.15 3 1
github.com/Wikid82/charon/backend/internal/services/backup_service.go:372.15,374.3 1 0
github.com/Wikid82/charon/backend/internal/services/backup_service.go:377.2,377.36 1 1
github.com/Wikid82/charon/backend/internal/services/backup_service.go:377.36,379.3 1 0
github.com/Wikid82/charon/backend/internal/services/backup_service.go:382.2,386.62 3 1
github.com/Wikid82/charon/backend/internal/services/backup_service.go:386.62,388.3 1 0
github.com/Wikid82/charon/backend/internal/services/backup_service.go:390.2,390.37 1 1
github.com/Wikid82/charon/backend/internal/services/certificate_service.go:48.77,55.12 2 1
github.com/Wikid82/charon/backend/internal/services/certificate_service.go:55.12,56.44 1 1
github.com/Wikid82/charon/backend/internal/services/certificate_service.go:56.44,58.4 1 0
github.com/Wikid82/charon/backend/internal/services/certificate_service.go:60.2,60.12 1 1
github.com/Wikid82/charon/backend/internal/services/certificate_service.go:65.51,75.45 6 1
github.com/Wikid82/charon/backend/internal/services/certificate_service.go:75.45,76.84 1 1
github.com/Wikid82/charon/backend/internal/services/certificate_service.go:76.84,77.18 1 1
github.com/Wikid82/charon/backend/internal/services/certificate_service.go:77.18,80.5 2 0
github.com/Wikid82/charon/backend/internal/services/certificate_service.go:82.4,82.63 1 1
github.com/Wikid82/charon/backend/internal/services/certificate_service.go:82.63,84.19 2 1
github.com/Wikid82/charon/backend/internal/services/certificate_service.go:84.19,87.6 2 0
github.com/Wikid82/charon/backend/internal/services/certificate_service.go:89.5,90.21 2 1
github.com/Wikid82/charon/backend/internal/services/certificate_service.go:90.21,93.6 1 1
github.com/Wikid82/charon/backend/internal/services/certificate_service.go:95.5,96.19 2 1
github.com/Wikid82/charon/backend/internal/services/certificate_service.go:96.19,99.6 2 0
github.com/Wikid82/charon/backend/internal/services/certificate_service.go:101.5,102.47 2 1
github.com/Wikid82/charon/backend/internal/services/certificate_service.go:102.47,104.6 1 0
github.com/Wikid82/charon/backend/internal/services/certificate_service.go:105.5,105.21 1 1
github.com/Wikid82/charon/backend/internal/services/certificate_service.go:105.21,107.6 1 0
github.com/Wikid82/charon/backend/internal/services/certificate_service.go:109.5,117.47 4 1
github.com/Wikid82/charon/backend/internal/services/certificate_service.go:117.47,119.6 1 1
github.com/Wikid82/charon/backend/internal/services/certificate_service.go:122.5,124.25 3 1
github.com/Wikid82/charon/backend/internal/services/certificate_service.go:124.25,125.45 1 1
github.com/Wikid82/charon/backend/internal/services/certificate_service.go:125.45,140.57 3 1
github.com/Wikid82/charon/backend/internal/services/certificate_service.go:140.57,142.8 1 0
github.com/Wikid82/charon/backend/internal/services/certificate_service.go:143.12,145.7 1 0
github.com/Wikid82/charon/backend/internal/services/certificate_service.go:146.11,158.44 6 1
github.com/Wikid82/charon/backend/internal/services/certificate_service.go:158.44,161.7 1 1
github.com/Wikid82/charon/backend/internal/services/certificate_service.go:161.12,161.51 1 1
github.com/Wikid82/charon/backend/internal/services/certificate_service.go:161.52,163.7 0 0
github.com/Wikid82/charon/backend/internal/services/certificate_service.go:163.12,163.57 1 1
github.com/Wikid82/charon/backend/internal/services/certificate_service.go:163.57,166.7 1 0
github.com/Wikid82/charon/backend/internal/services/certificate_service.go:168.6,168.26 1 1
github.com/Wikid82/charon/backend/internal/services/certificate_service.go:168.26,172.7 3 1
github.com/Wikid82/charon/backend/internal/services/certificate_service.go:173.6,173.17 1 1
github.com/Wikid82/charon/backend/internal/services/certificate_service.go:173.17,175.56 2 1
github.com/Wikid82/charon/backend/internal/services/certificate_service.go:175.56,177.8 1 0
github.com/Wikid82/charon/backend/internal/services/certificate_service.go:178.12,180.90 1 1
github.com/Wikid82/charon/backend/internal/services/certificate_service.go:180.90,182.8 1 0
github.com/Wikid82/charon/backend/internal/services/certificate_service.go:186.4,186.14 1 1
github.com/Wikid82/charon/backend/internal/services/certificate_service.go:188.8,189.25 1 1
github.com/Wikid82/charon/backend/internal/services/certificate_service.go:189.25,191.4 1 1
github.com/Wikid82/charon/backend/internal/services/certificate_service.go:191.9,193.4 1 0
github.com/Wikid82/charon/backend/internal/services/certificate_service.go:197.2,198.93 2 1
github.com/Wikid82/charon/backend/internal/services/certificate_service.go:198.93,199.31 1 1
github.com/Wikid82/charon/backend/internal/services/certificate_service.go:199.31,200.45 1 1
github.com/Wikid82/charon/backend/internal/services/certificate_service.go:200.45,202.87 1 1
github.com/Wikid82/charon/backend/internal/services/certificate_service.go:202.87,204.6 1 0
github.com/Wikid82/charon/backend/internal/services/certificate_service.go:204.11,206.6 1 1
github.com/Wikid82/charon/backend/internal/services/certificate_service.go:212.2,212.47 1 1
github.com/Wikid82/charon/backend/internal/services/certificate_service.go:212.47,214.3 1 0
github.com/Wikid82/charon/backend/internal/services/certificate_service.go:216.2,219.12 4 1
github.com/Wikid82/charon/backend/internal/services/certificate_service.go:224.57,226.50 2 1
github.com/Wikid82/charon/backend/internal/services/certificate_service.go:226.50,228.3 1 0
github.com/Wikid82/charon/backend/internal/services/certificate_service.go:231.2,234.32 4 1
github.com/Wikid82/charon/backend/internal/services/certificate_service.go:234.32,235.20 1 0
github.com/Wikid82/charon/backend/internal/services/certificate_service.go:235.20,236.12 1 0
github.com/Wikid82/charon/backend/internal/services/certificate_service.go:239.3,240.29 2 0
github.com/Wikid82/charon/backend/internal/services/certificate_service.go:240.29,242.15 2 0
github.com/Wikid82/charon/backend/internal/services/certificate_service.go:242.15,244.5 1 0
github.com/Wikid82/charon/backend/internal/services/certificate_service.go:248.2,249.28 2 1
github.com/Wikid82/charon/backend/internal/services/certificate_service.go:249.28,253.46 2 1
github.com/Wikid82/charon/backend/internal/services/certificate_service.go:253.46,255.4 1 1
github.com/Wikid82/charon/backend/internal/services/certificate_service.go:255.9,255.32 1 1
github.com/Wikid82/charon/backend/internal/services/certificate_service.go:255.32,256.38 1 1
github.com/Wikid82/charon/backend/internal/services/certificate_service.go:256.38,258.5 1 1
github.com/Wikid82/charon/backend/internal/services/certificate_service.go:258.10,258.63 1 1
github.com/Wikid82/charon/backend/internal/services/certificate_service.go:258.63,260.5 1 1
github.com/Wikid82/charon/backend/internal/services/certificate_service.go:263.3,264.25 2 1
github.com/Wikid82/charon/backend/internal/services/certificate_service.go:264.25,266.4 1 1
github.com/Wikid82/charon/backend/internal/services/certificate_service.go:269.3,272.33 3 1
github.com/Wikid82/charon/backend/internal/services/certificate_service.go:272.33,274.41 2 1
github.com/Wikid82/charon/backend/internal/services/certificate_service.go:274.41,276.10 2 0
github.com/Wikid82/charon/backend/internal/services/certificate_service.go:280.3,289.5 1 1
github.com/Wikid82/charon/backend/internal/services/certificate_service.go:292.2,293.12 2 1
github.com/Wikid82/charon/backend/internal/services/certificate_service.go:299.76,301.57 2 1
github.com/Wikid82/charon/backend/internal/services/certificate_service.go:301.57,307.3 4 1
github.com/Wikid82/charon/backend/internal/services/certificate_service.go:308.2,312.20 2 1
github.com/Wikid82/charon/backend/internal/services/certificate_service.go:312.20,313.42 1 1
github.com/Wikid82/charon/backend/internal/services/certificate_service.go:313.42,318.18 4 0
github.com/Wikid82/charon/backend/internal/services/certificate_service.go:318.18,320.5 1 0
github.com/Wikid82/charon/backend/internal/services/certificate_service.go:322.8,324.13 1 0
github.com/Wikid82/charon/backend/internal/services/certificate_service.go:324.13,325.43 1 0
github.com/Wikid82/charon/backend/internal/services/certificate_service.go:325.43,327.5 1 0
github.com/Wikid82/charon/backend/internal/services/certificate_service.go:332.2,336.20 5 1
github.com/Wikid82/charon/backend/internal/services/certificate_service.go:340.48,346.2 5 1
github.com/Wikid82/charon/backend/internal/services/certificate_service.go:349.110,352.18 2 1
github.com/Wikid82/charon/backend/internal/services/certificate_service.go:352.18,354.3 1 1
github.com/Wikid82/charon/backend/internal/services/certificate_service.go:356.2,357.16 2 1
github.com/Wikid82/charon/backend/internal/services/certificate_service.go:357.16,359.3 1 0
github.com/Wikid82/charon/backend/internal/services/certificate_service.go:362.2,375.28 2 1
github.com/Wikid82/charon/backend/internal/services/certificate_service.go:375.28,377.3 1 1
github.com/Wikid82/charon/backend/internal/services/certificate_service.go:379.2,379.51 1 1
github.com/Wikid82/charon/backend/internal/services/certificate_service.go:379.51,381.3 1 0
github.com/Wikid82/charon/backend/internal/services/certificate_service.go:384.2,386.21 2 1
github.com/Wikid82/charon/backend/internal/services/certificate_service.go:390.72,392.108 2 1
github.com/Wikid82/charon/backend/internal/services/certificate_service.go:392.108,394.3 1 0
github.com/Wikid82/charon/backend/internal/services/certificate_service.go:395.2,395.23 1 1
github.com/Wikid82/charon/backend/internal/services/certificate_service.go:399.63,402.16 2 1
github.com/Wikid82/charon/backend/internal/services/certificate_service.go:402.16,404.3 1 0
github.com/Wikid82/charon/backend/internal/services/certificate_service.go:405.2,405.11 1 1
github.com/Wikid82/charon/backend/internal/services/certificate_service.go:405.11,407.3 1 1
github.com/Wikid82/charon/backend/internal/services/certificate_service.go:409.2,410.52 2 1
github.com/Wikid82/charon/backend/internal/services/certificate_service.go:410.52,412.3 1 1
github.com/Wikid82/charon/backend/internal/services/certificate_service.go:414.2,414.36 1 1
github.com/Wikid82/charon/backend/internal/services/certificate_service.go:414.36,417.84 2 1
github.com/Wikid82/charon/backend/internal/services/certificate_service.go:417.84,418.77 1 1
github.com/Wikid82/charon/backend/internal/services/certificate_service.go:418.77,419.43 1 1
github.com/Wikid82/charon/backend/internal/services/certificate_service.go:419.43,422.44 2 1
github.com/Wikid82/charon/backend/internal/services/certificate_service.go:422.44,424.7 1 0
github.com/Wikid82/charon/backend/internal/services/certificate_service.go:426.6,427.48 2 1
github.com/Wikid82/charon/backend/internal/services/certificate_service.go:427.48,429.7 1 0
github.com/Wikid82/charon/backend/internal/services/certificate_service.go:431.6,432.49 2 1
github.com/Wikid82/charon/backend/internal/services/certificate_service.go:432.49,434.7 1 0
github.com/Wikid82/charon/backend/internal/services/certificate_service.go:437.4,437.14 1 1
github.com/Wikid82/charon/backend/internal/services/certificate_service.go:441.2,441.82 1 1
github.com/Wikid82/charon/backend/internal/services/certificate_service.go:441.82,443.3 1 0
github.com/Wikid82/charon/backend/internal/services/certificate_service.go:445.2,446.12 2 1
github.com/Wikid82/charon/backend/internal/services/credential_service.go:67.95,70.16 2 1
github.com/Wikid82/charon/backend/internal/services/credential_service.go:70.16,72.3 1 1
github.com/Wikid82/charon/backend/internal/services/credential_service.go:74.2,79.3 1 1
github.com/Wikid82/charon/backend/internal/services/credential_service.go:83.112,86.81 2 1
github.com/Wikid82/charon/backend/internal/services/credential_service.go:86.81,87.45 1 0
github.com/Wikid82/charon/backend/internal/services/credential_service.go:87.45,89.4 1 0
github.com/Wikid82/charon/backend/internal/services/credential_service.go:90.3,90.18 1 0
github.com/Wikid82/charon/backend/internal/services/credential_service.go:93.2,93.35 1 1
github.com/Wikid82/charon/backend/internal/services/credential_service.go:93.35,95.3 1 0
github.com/Wikid82/charon/backend/internal/services/credential_service.go:97.2,103.25 3 1
github.com/Wikid82/charon/backend/internal/services/credential_service.go:107.124,113.16 3 1
github.com/Wikid82/charon/backend/internal/services/credential_service.go:113.16,114.45 1 1
github.com/Wikid82/charon/backend/internal/services/credential_service.go:114.45,116.4 1 1
github.com/Wikid82/charon/backend/internal/services/credential_service.go:117.3,117.18 1 0
github.com/Wikid82/charon/backend/internal/services/credential_service.go:120.2,120.25 1 1
github.com/Wikid82/charon/backend/internal/services/credential_service.go:124.142,127.81 2 1
github.com/Wikid82/charon/backend/internal/services/credential_service.go:127.81,128.45 1 0
github.com/Wikid82/charon/backend/internal/services/credential_service.go:128.45,130.4 1 0
github.com/Wikid82/charon/backend/internal/services/credential_service.go:131.3,131.18 1 0
github.com/Wikid82/charon/backend/internal/services/credential_service.go:134.2,134.35 1 1
github.com/Wikid82/charon/backend/internal/services/credential_service.go:134.35,136.3 1 1
github.com/Wikid82/charon/backend/internal/services/credential_service.go:139.2,139.84 1 1
github.com/Wikid82/charon/backend/internal/services/credential_service.go:139.84,141.3 1 1
github.com/Wikid82/charon/backend/internal/services/credential_service.go:144.2,147.16 4 1
github.com/Wikid82/charon/backend/internal/services/credential_service.go:147.16,149.3 1 0
github.com/Wikid82/charon/backend/internal/services/credential_service.go:151.2,151.30 1 1
github.com/Wikid82/charon/backend/internal/services/credential_service.go:151.30,153.17 2 0
github.com/Wikid82/charon/backend/internal/services/credential_service.go:153.17,155.4 1 0
github.com/Wikid82/charon/backend/internal/services/credential_service.go:156.8,158.17 2 1
github.com/Wikid82/charon/backend/internal/services/credential_service.go:158.17,160.4 1 0
github.com/Wikid82/charon/backend/internal/services/credential_service.go:161.3,161.17 1 1
github.com/Wikid82/charon/backend/internal/services/credential_service.go:165.2,166.29 2 1
github.com/Wikid82/charon/backend/internal/services/credential_service.go:166.29,168.3 1 1
github.com/Wikid82/charon/backend/internal/services/credential_service.go:170.2,171.26 2 1
github.com/Wikid82/charon/backend/internal/services/credential_service.go:171.26,173.3 1 1
github.com/Wikid82/charon/backend/internal/services/credential_service.go:175.2,177.29 2 1
github.com/Wikid82/charon/backend/internal/services/credential_service.go:177.29,179.3 1 0
github.com/Wikid82/charon/backend/internal/services/credential_service.go:179.8,179.25 1 1
github.com/Wikid82/charon/backend/internal/services/credential_service.go:179.25,181.3 1 1
github.com/Wikid82/charon/backend/internal/services/credential_service.go:184.2,196.71 2 1
github.com/Wikid82/charon/backend/internal/services/credential_service.go:196.71,198.3 1 0
github.com/Wikid82/charon/backend/internal/services/credential_service.go:201.2,217.24 3 1
github.com/Wikid82/charon/backend/internal/services/credential_service.go:221.156,224.16 2 1
github.com/Wikid82/charon/backend/internal/services/credential_service.go:224.16,226.3 1 0
github.com/Wikid82/charon/backend/internal/services/credential_service.go:229.2,230.81 2 1
github.com/Wikid82/charon/backend/internal/services/credential_service.go:230.81,232.3 1 0
github.com/Wikid82/charon/backend/internal/services/credential_service.go:235.2,240.56 4 1
github.com/Wikid82/charon/backend/internal/services/credential_service.go:240.56,245.3 4 1
github.com/Wikid82/charon/backend/internal/services/credential_service.go:247.2,247.71 1 1
github.com/Wikid82/charon/backend/internal/services/credential_service.go:247.71,252.3 4 1
github.com/Wikid82/charon/backend/internal/services/credential_service.go:254.2,254.95 1 1
github.com/Wikid82/charon/backend/internal/services/credential_service.go:254.95,259.3 4 0
github.com/Wikid82/charon/backend/internal/services/credential_service.go:261.2,261.86 1 1
github.com/Wikid82/charon/backend/internal/services/credential_service.go:261.86,266.3 4 0
github.com/Wikid82/charon/backend/internal/services/credential_service.go:268.2,268.62 1 1
github.com/Wikid82/charon/backend/internal/services/credential_service.go:268.62,273.3 4 1
github.com/Wikid82/charon/backend/internal/services/credential_service.go:276.2,276.30 1 1
github.com/Wikid82/charon/backend/internal/services/credential_service.go:276.30,278.85 1 0
github.com/Wikid82/charon/backend/internal/services/credential_service.go:278.85,280.4 1 0
github.com/Wikid82/charon/backend/internal/services/credential_service.go:283.3,284.17 2 0
github.com/Wikid82/charon/backend/internal/services/credential_service.go:284.17,286.4 1 0
github.com/Wikid82/charon/backend/internal/services/credential_service.go:288.3,290.31 3 0
github.com/Wikid82/charon/backend/internal/services/credential_service.go:290.31,292.18 2 0
github.com/Wikid82/charon/backend/internal/services/credential_service.go:292.18,294.5 1 0
github.com/Wikid82/charon/backend/internal/services/credential_service.go:295.9,297.18 2 0
github.com/Wikid82/charon/backend/internal/services/credential_service.go:297.18,299.5 1 0
github.com/Wikid82/charon/backend/internal/services/credential_service.go:300.4,300.18 1 0
github.com/Wikid82/charon/backend/internal/services/credential_service.go:303.3,305.37 3 0
github.com/Wikid82/charon/backend/internal/services/credential_service.go:309.2,309.69 1 1
github.com/Wikid82/charon/backend/internal/services/credential_service.go:309.69,311.3 1 0
github.com/Wikid82/charon/backend/internal/services/credential_service.go:314.2,314.28 1 1
github.com/Wikid82/charon/backend/internal/services/credential_service.go:314.28,331.3 2 1
github.com/Wikid82/charon/backend/internal/services/credential_service.go:333.2,333.24 1 1
github.com/Wikid82/charon/backend/internal/services/credential_service.go:337.94,340.16 2 1
github.com/Wikid82/charon/backend/internal/services/credential_service.go:340.16,342.3 1 0
github.com/Wikid82/charon/backend/internal/services/credential_service.go:344.2,345.81 2 1
github.com/Wikid82/charon/backend/internal/services/credential_service.go:345.81,347.3 1 0
github.com/Wikid82/charon/backend/internal/services/credential_service.go:349.2,350.25 2 1
github.com/Wikid82/charon/backend/internal/services/credential_service.go:350.25,352.3 1 0
github.com/Wikid82/charon/backend/internal/services/credential_service.go:353.2,353.30 1 1
github.com/Wikid82/charon/backend/internal/services/credential_service.go:353.30,355.3 1 0
github.com/Wikid82/charon/backend/internal/services/credential_service.go:358.2,374.12 3 1
github.com/Wikid82/charon/backend/internal/services/credential_service.go:378.107,380.16 2 1
github.com/Wikid82/charon/backend/internal/services/credential_service.go:380.16,382.3 1 0
github.com/Wikid82/charon/backend/internal/services/credential_service.go:384.2,385.81 2 1
github.com/Wikid82/charon/backend/internal/services/credential_service.go:385.81,387.3 1 0
github.com/Wikid82/charon/backend/internal/services/credential_service.go:390.2,391.30 2 1
github.com/Wikid82/charon/backend/internal/services/credential_service.go:391.30,393.17 2 0
github.com/Wikid82/charon/backend/internal/services/credential_service.go:393.17,399.4 1 0
github.com/Wikid82/charon/backend/internal/services/credential_service.go:400.8,402.17 2 1
github.com/Wikid82/charon/backend/internal/services/credential_service.go:402.17,408.4 1 0
github.com/Wikid82/charon/backend/internal/services/credential_service.go:411.2,412.68 2 1
github.com/Wikid82/charon/backend/internal/services/credential_service.go:412.68,418.3 1 0
github.com/Wikid82/charon/backend/internal/services/credential_service.go:421.2,424.20 2 1
github.com/Wikid82/charon/backend/internal/services/credential_service.go:424.20,427.3 2 1
github.com/Wikid82/charon/backend/internal/services/credential_service.go:427.8,430.3 2 0
github.com/Wikid82/charon/backend/internal/services/credential_service.go:431.2,451.20 4 1
github.com/Wikid82/charon/backend/internal/services/credential_service.go:456.144,459.81 2 1
github.com/Wikid82/charon/backend/internal/services/credential_service.go:459.81,460.45 1 0
github.com/Wikid82/charon/backend/internal/services/credential_service.go:460.45,462.4 1 0
github.com/Wikid82/charon/backend/internal/services/credential_service.go:463.3,463.18 1 0
github.com/Wikid82/charon/backend/internal/services/credential_service.go:467.2,467.35 1 1
github.com/Wikid82/charon/backend/internal/services/credential_service.go:467.35,469.3 1 1
github.com/Wikid82/charon/backend/internal/services/credential_service.go:472.2,473.16 2 1
github.com/Wikid82/charon/backend/internal/services/credential_service.go:473.16,475.3 1 0
github.com/Wikid82/charon/backend/internal/services/credential_service.go:478.2,481.40 2 1
github.com/Wikid82/charon/backend/internal/services/credential_service.go:481.40,483.3 1 0
github.com/Wikid82/charon/backend/internal/services/credential_service.go:485.2,485.27 1 1
github.com/Wikid82/charon/backend/internal/services/credential_service.go:485.27,487.3 1 0
github.com/Wikid82/charon/backend/internal/services/credential_service.go:490.2,490.35 1 1
github.com/Wikid82/charon/backend/internal/services/credential_service.go:490.35,491.61 1 1
github.com/Wikid82/charon/backend/internal/services/credential_service.go:491.61,493.4 1 1
github.com/Wikid82/charon/backend/internal/services/credential_service.go:497.2,497.35 1 1
github.com/Wikid82/charon/backend/internal/services/credential_service.go:497.35,498.62 1 1
github.com/Wikid82/charon/backend/internal/services/credential_service.go:498.62,500.4 1 1
github.com/Wikid82/charon/backend/internal/services/credential_service.go:504.2,504.35 1 1
github.com/Wikid82/charon/backend/internal/services/credential_service.go:504.35,505.47 1 1
github.com/Wikid82/charon/backend/internal/services/credential_service.go:505.47,507.4 1 1
github.com/Wikid82/charon/backend/internal/services/credential_service.go:510.2,510.37 1 1
github.com/Wikid82/charon/backend/internal/services/credential_service.go:515.68,516.41 1 1
github.com/Wikid82/charon/backend/internal/services/credential_service.go:516.41,518.3 1 1
github.com/Wikid82/charon/backend/internal/services/credential_service.go:521.2,522.29 2 1
github.com/Wikid82/charon/backend/internal/services/credential_service.go:522.29,524.17 2 1
github.com/Wikid82/charon/backend/internal/services/credential_service.go:524.17,525.12 1 0
github.com/Wikid82/charon/backend/internal/services/credential_service.go:529.3,530.17 2 1
github.com/Wikid82/charon/backend/internal/services/credential_service.go:530.17,531.12 1 0
github.com/Wikid82/charon/backend/internal/services/credential_service.go:535.3,535.31 1 1
github.com/Wikid82/charon/backend/internal/services/credential_service.go:535.31,537.4 1 1
github.com/Wikid82/charon/backend/internal/services/credential_service.go:540.3,540.60 1 1
github.com/Wikid82/charon/backend/internal/services/credential_service.go:540.60,542.65 2 1
github.com/Wikid82/charon/backend/internal/services/credential_service.go:542.65,544.5 1 1
github.com/Wikid82/charon/backend/internal/services/credential_service.go:548.2,548.14 1 1
github.com/Wikid82/charon/backend/internal/services/credential_service.go:552.96,555.81 2 1
github.com/Wikid82/charon/backend/internal/services/credential_service.go:555.81,556.45 1 0
github.com/Wikid82/charon/backend/internal/services/credential_service.go:556.45,558.4 1 0
github.com/Wikid82/charon/backend/internal/services/credential_service.go:559.3,559.13 1 0
github.com/Wikid82/charon/backend/internal/services/credential_service.go:563.2,563.34 1 1
github.com/Wikid82/charon/backend/internal/services/credential_service.go:563.34,565.3 1 1
github.com/Wikid82/charon/backend/internal/services/credential_service.go:568.2,568.41 1 1
github.com/Wikid82/charon/backend/internal/services/credential_service.go:568.41,570.3 1 1
github.com/Wikid82/charon/backend/internal/services/credential_service.go:573.2,587.15 3 1
github.com/Wikid82/charon/backend/internal/services/credential_service.go:587.15,588.31 1 1
github.com/Wikid82/charon/backend/internal/services/credential_service.go:588.31,590.4 1 0
github.com/Wikid82/charon/backend/internal/services/credential_service.go:594.2,594.52 1 1
github.com/Wikid82/charon/backend/internal/services/credential_service.go:594.52,597.3 2 0
github.com/Wikid82/charon/backend/internal/services/credential_service.go:600.2,600.88 1 1
github.com/Wikid82/charon/backend/internal/services/credential_service.go:600.88,603.3 2 0
github.com/Wikid82/charon/backend/internal/services/credential_service.go:606.2,606.42 1 1
github.com/Wikid82/charon/backend/internal/services/credential_service.go:606.42,608.3 1 0
github.com/Wikid82/charon/backend/internal/services/credential_service.go:611.2,627.12 3 1
github.com/Wikid82/charon/backend/internal/services/crowdsec_startup.go:57.104,67.34 4 1
github.com/Wikid82/charon/backend/internal/services/crowdsec_startup.go:67.34,70.3 2 1
github.com/Wikid82/charon/backend/internal/services/crowdsec_startup.go:73.2,73.55 1 1
github.com/Wikid82/charon/backend/internal/services/crowdsec_startup.go:73.55,76.3 2 1
github.com/Wikid82/charon/backend/internal/services/crowdsec_startup.go:78.2,79.45 2 1
github.com/Wikid82/charon/backend/internal/services/crowdsec_startup.go:79.45,80.36 1 1
github.com/Wikid82/charon/backend/internal/services/crowdsec_startup.go:80.36,87.174 4 1
github.com/Wikid82/charon/backend/internal/services/crowdsec_startup.go:87.174,93.5 2 1
github.com/Wikid82/charon/backend/internal/services/crowdsec_startup.go:96.4,97.33 2 1
github.com/Wikid82/charon/backend/internal/services/crowdsec_startup.go:97.33,99.5 1 1
github.com/Wikid82/charon/backend/internal/services/crowdsec_startup.go:101.4,114.55 2 1
github.com/Wikid82/charon/backend/internal/services/crowdsec_startup.go:114.55,117.5 2 0
github.com/Wikid82/charon/backend/internal/services/crowdsec_startup.go:119.4,126.20 2 1
github.com/Wikid82/charon/backend/internal/services/crowdsec_startup.go:127.9,130.4 2 0
github.com/Wikid82/charon/backend/internal/services/crowdsec_startup.go:134.2,136.172 3 1
github.com/Wikid82/charon/backend/internal/services/crowdsec_startup.go:136.172,142.3 2 1
github.com/Wikid82/charon/backend/internal/services/crowdsec_startup.go:145.2,145.53 1 1
github.com/Wikid82/charon/backend/internal/services/crowdsec_startup.go:145.53,151.3 2 1
github.com/Wikid82/charon/backend/internal/services/crowdsec_startup.go:154.2,154.33 1 1
github.com/Wikid82/charon/backend/internal/services/crowdsec_startup.go:154.33,156.3 1 1
github.com/Wikid82/charon/backend/internal/services/crowdsec_startup.go:156.8,156.28 1 1
github.com/Wikid82/charon/backend/internal/services/crowdsec_startup.go:156.28,158.3 1 1
github.com/Wikid82/charon/backend/internal/services/crowdsec_startup.go:161.2,161.52 1 1
github.com/Wikid82/charon/backend/internal/services/crowdsec_startup.go:161.52,164.3 2 1
github.com/Wikid82/charon/backend/internal/services/crowdsec_startup.go:167.2,168.55 2 1
github.com/Wikid82/charon/backend/internal/services/crowdsec_startup.go:168.55,171.3 2 1
github.com/Wikid82/charon/backend/internal/services/crowdsec_startup.go:174.2,178.16 4 1
github.com/Wikid82/charon/backend/internal/services/crowdsec_startup.go:178.16,181.3 2 1
github.com/Wikid82/charon/backend/internal/services/crowdsec_startup.go:183.2,183.13 1 1
github.com/Wikid82/charon/backend/internal/services/crowdsec_startup.go:183.13,186.3 2 1
github.com/Wikid82/charon/backend/internal/services/crowdsec_startup.go:189.2,198.16 5 1
github.com/Wikid82/charon/backend/internal/services/crowdsec_startup.go:198.16,204.3 2 1
github.com/Wikid82/charon/backend/internal/services/crowdsec_startup.go:207.2,213.22 5 1
github.com/Wikid82/charon/backend/internal/services/crowdsec_startup.go:213.22,216.3 2 1
github.com/Wikid82/charon/backend/internal/services/crowdsec_startup.go:218.2,218.20 1 1
github.com/Wikid82/charon/backend/internal/services/crowdsec_startup.go:218.20,225.3 2 1
github.com/Wikid82/charon/backend/internal/services/crowdsec_startup.go:227.2,230.80 1 1
github.com/Wikid82/charon/backend/internal/services/dns_detection_service.go:90.62,100.2 1 1
github.com/Wikid82/charon/backend/internal/services/dns_detection_service.go:103.87,108.22 3 1
github.com/Wikid82/charon/backend/internal/services/dns_detection_service.go:108.22,116.3 1 1
github.com/Wikid82/charon/backend/internal/services/dns_detection_service.go:119.2,119.60 1 1
github.com/Wikid82/charon/backend/internal/services/dns_detection_service.go:119.60,121.3 1 1
github.com/Wikid82/charon/backend/internal/services/dns_detection_service.go:124.2,128.16 4 1
github.com/Wikid82/charon/backend/internal/services/dns_detection_service.go:128.16,139.3 3 0
github.com/Wikid82/charon/backend/internal/services/dns_detection_service.go:142.2,143.33 2 1
github.com/Wikid82/charon/backend/internal/services/dns_detection_service.go:143.33,145.3 1 1
github.com/Wikid82/charon/backend/internal/services/dns_detection_service.go:148.2,161.20 4 1
github.com/Wikid82/charon/backend/internal/services/dns_detection_service.go:165.122,168.16 2 1
github.com/Wikid82/charon/backend/internal/services/dns_detection_service.go:168.16,170.3 1 0
github.com/Wikid82/charon/backend/internal/services/dns_detection_service.go:173.2,173.25 1 1
github.com/Wikid82/charon/backend/internal/services/dns_detection_service.go:173.25,175.3 1 0
github.com/Wikid82/charon/backend/internal/services/dns_detection_service.go:178.2,184.16 3 1
github.com/Wikid82/charon/backend/internal/services/dns_detection_service.go:184.16,186.3 1 1
github.com/Wikid82/charon/backend/internal/services/dns_detection_service.go:189.2,189.24 1 1
github.com/Wikid82/charon/backend/internal/services/dns_detection_service.go:189.24,191.3 1 1
github.com/Wikid82/charon/backend/internal/services/dns_detection_service.go:193.2,193.17 1 1
github.com/Wikid82/charon/backend/internal/services/dns_detection_service.go:197.73,200.39 2 1
github.com/Wikid82/charon/backend/internal/services/dns_detection_service.go:200.39,202.3 1 1
github.com/Wikid82/charon/backend/internal/services/dns_detection_service.go:203.2,203.17 1 1
github.com/Wikid82/charon/backend/internal/services/dns_detection_service.go:208.87,209.27 1 1
github.com/Wikid82/charon/backend/internal/services/dns_detection_service.go:209.27,211.3 1 1
github.com/Wikid82/charon/backend/internal/services/dns_detection_service.go:214.2,218.33 3 1
github.com/Wikid82/charon/backend/internal/services/dns_detection_service.go:218.33,220.57 2 1
github.com/Wikid82/charon/backend/internal/services/dns_detection_service.go:220.57,222.47 2 1
github.com/Wikid82/charon/backend/internal/services/dns_detection_service.go:222.47,225.10 3 1
github.com/Wikid82/charon/backend/internal/services/dns_detection_service.go:231.2,231.23 1 1
github.com/Wikid82/charon/backend/internal/services/dns_detection_service.go:231.23,233.3 1 1
github.com/Wikid82/charon/backend/internal/services/dns_detection_service.go:236.2,238.43 3 1
github.com/Wikid82/charon/backend/internal/services/dns_detection_service.go:238.43,239.25 1 1
github.com/Wikid82/charon/backend/internal/services/dns_detection_service.go:239.25,242.4 2 1
github.com/Wikid82/charon/backend/internal/services/dns_detection_service.go:246.2,249.9 3 1
github.com/Wikid82/charon/backend/internal/services/dns_detection_service.go:250.30,251.22 1 1
github.com/Wikid82/charon/backend/internal/services/dns_detection_service.go:252.30,253.24 1 1
github.com/Wikid82/charon/backend/internal/services/dns_detection_service.go:254.27,255.21 1 1
github.com/Wikid82/charon/backend/internal/services/dns_detection_service.go:256.10,257.22 1 0
github.com/Wikid82/charon/backend/internal/services/dns_detection_service.go:260.2,260.33 1 1
github.com/Wikid82/charon/backend/internal/services/dns_detection_service.go:264.79,269.13 4 1
github.com/Wikid82/charon/backend/internal/services/dns_detection_service.go:269.13,271.3 1 1
github.com/Wikid82/charon/backend/internal/services/dns_detection_service.go:274.2,274.39 1 1
github.com/Wikid82/charon/backend/internal/services/dns_detection_service.go:274.39,276.13 1 1
github.com/Wikid82/charon/backend/internal/services/dns_detection_service.go:276.13,280.4 3 1
github.com/Wikid82/charon/backend/internal/services/dns_detection_service.go:281.3,281.13 1 1
github.com/Wikid82/charon/backend/internal/services/dns_detection_service.go:284.2,284.21 1 1
github.com/Wikid82/charon/backend/internal/services/dns_detection_service.go:288.102,296.2 3 1
github.com/Wikid82/charon/backend/internal/services/dns_provider_service.go:91.97,94.16 2 1
github.com/Wikid82/charon/backend/internal/services/dns_provider_service.go:94.16,97.3 1 1
github.com/Wikid82/charon/backend/internal/services/dns_provider_service.go:99.2,104.3 1 1
github.com/Wikid82/charon/backend/internal/services/dns_provider_service.go:108.86,112.2 3 1
github.com/Wikid82/charon/backend/internal/services/dns_provider_service.go:115.93,118.16 3 1
github.com/Wikid82/charon/backend/internal/services/dns_provider_service.go:118.16,119.45 1 1
github.com/Wikid82/charon/backend/internal/services/dns_provider_service.go:119.45,121.4 1 1
github.com/Wikid82/charon/backend/internal/services/dns_provider_service.go:122.3,122.18 1 1
github.com/Wikid82/charon/backend/internal/services/dns_provider_service.go:124.2,124.23 1 1
github.com/Wikid82/charon/backend/internal/services/dns_provider_service.go:128.117,130.44 1 1
github.com/Wikid82/charon/backend/internal/services/dns_provider_service.go:130.44,132.3 1 1
github.com/Wikid82/charon/backend/internal/services/dns_provider_service.go:135.2,135.79 1 1
github.com/Wikid82/charon/backend/internal/services/dns_provider_service.go:135.79,137.3 1 1
github.com/Wikid82/charon/backend/internal/services/dns_provider_service.go:140.2,143.16 4 1
github.com/Wikid82/charon/backend/internal/services/dns_provider_service.go:143.16,145.3 1 0
github.com/Wikid82/charon/backend/internal/services/dns_provider_service.go:147.2,147.30 1 1
github.com/Wikid82/charon/backend/internal/services/dns_provider_service.go:147.30,150.17 2 0
github.com/Wikid82/charon/backend/internal/services/dns_provider_service.go:150.17,152.4 1 0
github.com/Wikid82/charon/backend/internal/services/dns_provider_service.go:153.8,156.17 2 1
github.com/Wikid82/charon/backend/internal/services/dns_provider_service.go:156.17,158.4 1 0
github.com/Wikid82/charon/backend/internal/services/dns_provider_service.go:159.3,159.17 1 1
github.com/Wikid82/charon/backend/internal/services/dns_provider_service.go:163.2,164.29 2 1
github.com/Wikid82/charon/backend/internal/services/dns_provider_service.go:164.29,166.3 1 1
github.com/Wikid82/charon/backend/internal/services/dns_provider_service.go:168.2,169.26 2 1
github.com/Wikid82/charon/backend/internal/services/dns_provider_service.go:169.26,171.3 1 1
github.com/Wikid82/charon/backend/internal/services/dns_provider_service.go:174.2,174.19 1 1
github.com/Wikid82/charon/backend/internal/services/dns_provider_service.go:174.19,176.140 1 1
github.com/Wikid82/charon/backend/internal/services/dns_provider_service.go:176.140,178.4 1 1
github.com/Wikid82/charon/backend/internal/services/dns_provider_service.go:182.2,194.69 2 1
github.com/Wikid82/charon/backend/internal/services/dns_provider_service.go:194.69,196.3 1 1
github.com/Wikid82/charon/backend/internal/services/dns_provider_service.go:199.2,215.22 3 1
github.com/Wikid82/charon/backend/internal/services/dns_provider_service.go:219.126,222.16 2 1
github.com/Wikid82/charon/backend/internal/services/dns_provider_service.go:222.16,224.3 1 1
github.com/Wikid82/charon/backend/internal/services/dns_provider_service.go:227.2,232.51 4 1
github.com/Wikid82/charon/backend/internal/services/dns_provider_service.go:232.51,237.3 4 1
github.com/Wikid82/charon/backend/internal/services/dns_provider_service.go:239.2,239.93 1 1
github.com/Wikid82/charon/backend/internal/services/dns_provider_service.go:239.93,244.3 4 1
github.com/Wikid82/charon/backend/internal/services/dns_provider_service.go:246.2,246.84 1 1
github.com/Wikid82/charon/backend/internal/services/dns_provider_service.go:246.84,251.3 4 1
github.com/Wikid82/charon/backend/internal/services/dns_provider_service.go:253.2,253.60 1 1
github.com/Wikid82/charon/backend/internal/services/dns_provider_service.go:253.60,258.3 4 1
github.com/Wikid82/charon/backend/internal/services/dns_provider_service.go:261.2,261.30 1 1
github.com/Wikid82/charon/backend/internal/services/dns_provider_service.go:261.30,263.85 1 1
github.com/Wikid82/charon/backend/internal/services/dns_provider_service.go:263.85,265.4 1 1
github.com/Wikid82/charon/backend/internal/services/dns_provider_service.go:268.3,269.17 2 1
github.com/Wikid82/charon/backend/internal/services/dns_provider_service.go:269.17,271.4 1 0
github.com/Wikid82/charon/backend/internal/services/dns_provider_service.go:273.3,275.31 3 1
github.com/Wikid82/charon/backend/internal/services/dns_provider_service.go:275.31,277.18 2 0
github.com/Wikid82/charon/backend/internal/services/dns_provider_service.go:277.18,279.5 1 0
github.com/Wikid82/charon/backend/internal/services/dns_provider_service.go:280.9,282.18 2 1
github.com/Wikid82/charon/backend/internal/services/dns_provider_service.go:282.18,284.5 1 0
github.com/Wikid82/charon/backend/internal/services/dns_provider_service.go:285.4,285.18 1 1
github.com/Wikid82/charon/backend/internal/services/dns_provider_service.go:288.3,290.35 3 1
github.com/Wikid82/charon/backend/internal/services/dns_provider_service.go:294.2,294.44 1 1
github.com/Wikid82/charon/backend/internal/services/dns_provider_service.go:294.44,296.156 1 1
github.com/Wikid82/charon/backend/internal/services/dns_provider_service.go:296.156,298.4 1 0
github.com/Wikid82/charon/backend/internal/services/dns_provider_service.go:299.3,302.28 4 1
github.com/Wikid82/charon/backend/internal/services/dns_provider_service.go:303.8,303.74 1 1
github.com/Wikid82/charon/backend/internal/services/dns_provider_service.go:303.74,308.3 4 1
github.com/Wikid82/charon/backend/internal/services/dns_provider_service.go:311.2,311.67 1 1
github.com/Wikid82/charon/backend/internal/services/dns_provider_service.go:311.67,313.3 1 0
github.com/Wikid82/charon/backend/internal/services/dns_provider_service.go:316.2,316.28 1 1
github.com/Wikid82/charon/backend/internal/services/dns_provider_service.go:316.28,332.3 2 1
github.com/Wikid82/charon/backend/internal/services/dns_provider_service.go:334.2,334.22 1 1
github.com/Wikid82/charon/backend/internal/services/dns_provider_service.go:338.73,341.16 2 1
github.com/Wikid82/charon/backend/internal/services/dns_provider_service.go:341.16,343.3 1 1
github.com/Wikid82/charon/backend/internal/services/dns_provider_service.go:345.2,348.25 3 1
github.com/Wikid82/charon/backend/internal/services/dns_provider_service.go:348.25,350.3 1 0
github.com/Wikid82/charon/backend/internal/services/dns_provider_service.go:351.2,351.30 1 1
github.com/Wikid82/charon/backend/internal/services/dns_provider_service.go:351.30,353.3 1 0
github.com/Wikid82/charon/backend/internal/services/dns_provider_service.go:356.2,372.12 3 1
github.com/Wikid82/charon/backend/internal/services/dns_provider_service.go:376.86,378.16 2 1
github.com/Wikid82/charon/backend/internal/services/dns_provider_service.go:378.16,380.3 1 1
github.com/Wikid82/charon/backend/internal/services/dns_provider_service.go:383.2,384.16 2 1
github.com/Wikid82/charon/backend/internal/services/dns_provider_service.go:384.16,390.3 1 1
github.com/Wikid82/charon/backend/internal/services/dns_provider_service.go:393.2,399.20 4 1
github.com/Wikid82/charon/backend/internal/services/dns_provider_service.go:399.20,402.3 2 1
github.com/Wikid82/charon/backend/internal/services/dns_provider_service.go:402.8,405.3 2 1
github.com/Wikid82/charon/backend/internal/services/dns_provider_service.go:408.2,427.20 4 1
github.com/Wikid82/charon/backend/internal/services/dns_provider_service.go:431.118,433.44 1 1
github.com/Wikid82/charon/backend/internal/services/dns_provider_service.go:433.44,439.3 1 1
github.com/Wikid82/charon/backend/internal/services/dns_provider_service.go:442.2,442.79 1 1
github.com/Wikid82/charon/backend/internal/services/dns_provider_service.go:442.79,448.3 1 1
github.com/Wikid82/charon/backend/internal/services/dns_provider_service.go:451.2,451.75 1 1
github.com/Wikid82/charon/backend/internal/services/dns_provider_service.go:455.111,457.16 2 1
github.com/Wikid82/charon/backend/internal/services/dns_provider_service.go:457.16,459.3 1 1
github.com/Wikid82/charon/backend/internal/services/dns_provider_service.go:462.2,463.30 2 1
github.com/Wikid82/charon/backend/internal/services/dns_provider_service.go:463.30,465.17 2 0
github.com/Wikid82/charon/backend/internal/services/dns_provider_service.go:465.17,467.4 1 0
github.com/Wikid82/charon/backend/internal/services/dns_provider_service.go:468.8,471.17 2 1
github.com/Wikid82/charon/backend/internal/services/dns_provider_service.go:471.17,473.4 1 1
github.com/Wikid82/charon/backend/internal/services/dns_provider_service.go:477.2,478.68 2 1
github.com/Wikid82/charon/backend/internal/services/dns_provider_service.go:478.68,480.3 1 1
github.com/Wikid82/charon/backend/internal/services/dns_provider_service.go:483.2,504.25 6 1
github.com/Wikid82/charon/backend/internal/services/dns_provider_service.go:508.52,510.2 1 1
github.com/Wikid82/charon/backend/internal/services/dns_provider_service.go:513.84,516.9 2 1
github.com/Wikid82/charon/backend/internal/services/dns_provider_service.go:516.9,518.3 1 1
github.com/Wikid82/charon/backend/internal/services/dns_provider_service.go:521.2,521.66 1 1
github.com/Wikid82/charon/backend/internal/services/dns_provider_service.go:521.66,523.3 1 1
github.com/Wikid82/charon/backend/internal/services/dns_provider_service.go:525.2,525.12 1 1
github.com/Wikid82/charon/backend/internal/services/dns_provider_service.go:529.97,534.9 3 1
github.com/Wikid82/charon/backend/internal/services/dns_provider_service.go:534.9,540.3 1 0
github.com/Wikid82/charon/backend/internal/services/dns_provider_service.go:543.2,543.66 1 1
github.com/Wikid82/charon/backend/internal/services/dns_provider_service.go:543.66,549.3 1 1
github.com/Wikid82/charon/backend/internal/services/dns_provider_service.go:552.2,552.62 1 1
github.com/Wikid82/charon/backend/internal/services/dns_provider_service.go:552.62,558.3 1 0
github.com/Wikid82/charon/backend/internal/services/dns_provider_service.go:560.2,566.3 2 1
github.com/Wikid82/charon/backend/internal/services/dns_provider_service.go:570.67,572.2 1 1
github.com/Wikid82/charon/backend/internal/services/dns_provider_service.go:575.122,577.9 2 1
github.com/Wikid82/charon/backend/internal/services/dns_provider_service.go:577.9,579.3 1 1
github.com/Wikid82/charon/backend/internal/services/dns_provider_service.go:582.2,584.20 3 1
github.com/Wikid82/charon/backend/internal/services/dns_provider_service.go:590.54,591.69 1 1
github.com/Wikid82/charon/backend/internal/services/dns_provider_service.go:591.69,593.3 1 1
github.com/Wikid82/charon/backend/internal/services/dns_provider_service.go:594.2,594.65 1 1
github.com/Wikid82/charon/backend/internal/services/dns_provider_service.go:594.65,596.3 1 1
github.com/Wikid82/charon/backend/internal/services/dns_provider_service.go:597.2,597.17 1 1
github.com/Wikid82/charon/backend/internal/services/dns_provider_service.go:601.51,602.51 1 1
github.com/Wikid82/charon/backend/internal/services/dns_provider_service.go:602.51,604.3 1 1
github.com/Wikid82/charon/backend/internal/services/dns_provider_service.go:605.2,605.11 1 1
github.com/Wikid82/charon/backend/internal/services/dns_provider_service.go:609.58,610.52 1 1
github.com/Wikid82/charon/backend/internal/services/dns_provider_service.go:610.52,612.3 1 1
github.com/Wikid82/charon/backend/internal/services/dns_provider_service.go:613.2,613.11 1 1
github.com/Wikid82/charon/backend/internal/services/docker_service.go:22.67,24.2 1 1
github.com/Wikid82/charon/backend/internal/services/docker_service.go:26.49,27.30 1 1
github.com/Wikid82/charon/backend/internal/services/docker_service.go:27.30,29.3 1 1
github.com/Wikid82/charon/backend/internal/services/docker_service.go:30.2,30.53 1 1
github.com/Wikid82/charon/backend/internal/services/docker_service.go:33.49,34.14 1 1
github.com/Wikid82/charon/backend/internal/services/docker_service.go:34.14,36.3 1 1
github.com/Wikid82/charon/backend/internal/services/docker_service.go:37.2,37.14 1 1
github.com/Wikid82/charon/backend/internal/services/docker_service.go:66.40,68.16 2 1
github.com/Wikid82/charon/backend/internal/services/docker_service.go:68.16,74.3 2 0
github.com/Wikid82/charon/backend/internal/services/docker_service.go:75.2,75.50 1 1
github.com/Wikid82/charon/backend/internal/services/docker_service.go:78.101,80.22 1 1
github.com/Wikid82/charon/backend/internal/services/docker_service.go:80.22,82.3 1 0
github.com/Wikid82/charon/backend/internal/services/docker_service.go:84.2,87.35 3 1
github.com/Wikid82/charon/backend/internal/services/docker_service.go:87.35,89.3 1 1
github.com/Wikid82/charon/backend/internal/services/docker_service.go:89.8,91.17 2 0
github.com/Wikid82/charon/backend/internal/services/docker_service.go:91.17,93.4 1 0
github.com/Wikid82/charon/backend/internal/services/docker_service.go:94.3,94.16 1 0
github.com/Wikid82/charon/backend/internal/services/docker_service.go:94.16,95.38 1 0
github.com/Wikid82/charon/backend/internal/services/docker_service.go:95.38,97.5 1 0
github.com/Wikid82/charon/backend/internal/services/docker_service.go:101.2,102.16 2 1
github.com/Wikid82/charon/backend/internal/services/docker_service.go:102.16,103.37 1 0
github.com/Wikid82/charon/backend/internal/services/docker_service.go:103.37,105.4 1 0
github.com/Wikid82/charon/backend/internal/services/docker_service.go:106.3,106.63 1 0
github.com/Wikid82/charon/backend/internal/services/docker_service.go:109.2,110.31 2 1
github.com/Wikid82/charon/backend/internal/services/docker_service.go:110.31,114.70 3 1
github.com/Wikid82/charon/backend/internal/services/docker_service.go:114.70,115.54 1 1
github.com/Wikid82/charon/backend/internal/services/docker_service.go:115.54,118.10 3 1
github.com/Wikid82/charon/backend/internal/services/docker_service.go:123.3,124.32 2 1
github.com/Wikid82/charon/backend/internal/services/docker_service.go:124.32,126.4 1 1
github.com/Wikid82/charon/backend/internal/services/docker_service.go:129.3,130.29 2 1
github.com/Wikid82/charon/backend/internal/services/docker_service.go:130.29,136.4 1 1
github.com/Wikid82/charon/backend/internal/services/docker_service.go:138.3,147.5 1 1
github.com/Wikid82/charon/backend/internal/services/docker_service.go:150.2,150.20 1 1
github.com/Wikid82/charon/backend/internal/services/docker_service.go:153.48,154.16 1 1
github.com/Wikid82/charon/backend/internal/services/docker_service.go:154.16,156.3 1 1
github.com/Wikid82/charon/backend/internal/services/docker_service.go:159.2,162.49 2 1
github.com/Wikid82/charon/backend/internal/services/docker_service.go:162.49,164.3 1 1
github.com/Wikid82/charon/backend/internal/services/docker_service.go:167.2,167.46 1 1
github.com/Wikid82/charon/backend/internal/services/docker_service.go:167.46,169.3 1 1
github.com/Wikid82/charon/backend/internal/services/docker_service.go:171.2,172.29 2 1
github.com/Wikid82/charon/backend/internal/services/docker_service.go:172.29,174.3 1 1
github.com/Wikid82/charon/backend/internal/services/docker_service.go:176.2,177.29 2 1
github.com/Wikid82/charon/backend/internal/services/docker_service.go:177.29,178.23 1 1
github.com/Wikid82/charon/backend/internal/services/docker_service.go:178.23,180.4 1 1
github.com/Wikid82/charon/backend/internal/services/docker_service.go:184.2,185.33 2 1
github.com/Wikid82/charon/backend/internal/services/docker_service.go:185.33,187.3 1 1
github.com/Wikid82/charon/backend/internal/services/docker_service.go:189.2,190.28 2 1
github.com/Wikid82/charon/backend/internal/services/docker_service.go:190.28,192.3 1 1
github.com/Wikid82/charon/backend/internal/services/docker_service.go:194.2,195.28 2 1
github.com/Wikid82/charon/backend/internal/services/docker_service.go:195.28,196.16 1 1
github.com/Wikid82/charon/backend/internal/services/docker_service.go:197.76,198.15 1 1
github.com/Wikid82/charon/backend/internal/services/docker_service.go:203.2,203.36 1 1
github.com/Wikid82/charon/backend/internal/services/docker_service.go:203.36,205.3 1 1
github.com/Wikid82/charon/backend/internal/services/docker_service.go:207.2,207.14 1 1
github.com/Wikid82/charon/backend/internal/services/geoip_service.go:36.60,38.35 2 1
github.com/Wikid82/charon/backend/internal/services/geoip_service.go:38.35,40.3 1 1
github.com/Wikid82/charon/backend/internal/services/geoip_service.go:41.2,41.17 1 0
github.com/Wikid82/charon/backend/internal/services/geoip_service.go:46.37,51.17 3 1
github.com/Wikid82/charon/backend/internal/services/geoip_service.go:51.17,54.3 2 0
github.com/Wikid82/charon/backend/internal/services/geoip_service.go:56.2,57.16 2 1
github.com/Wikid82/charon/backend/internal/services/geoip_service.go:57.16,59.3 1 1
github.com/Wikid82/charon/backend/internal/services/geoip_service.go:60.2,61.12 2 0
github.com/Wikid82/charon/backend/internal/services/geoip_service.go:65.38,68.17 3 1
github.com/Wikid82/charon/backend/internal/services/geoip_service.go:68.17,72.3 3 0
github.com/Wikid82/charon/backend/internal/services/geoip_service.go:73.2,73.12 1 1
github.com/Wikid82/charon/backend/internal/services/geoip_service.go:80.68,84.17 3 1
github.com/Wikid82/charon/backend/internal/services/geoip_service.go:84.17,86.3 1 1
github.com/Wikid82/charon/backend/internal/services/geoip_service.go:88.2,89.15 2 1
github.com/Wikid82/charon/backend/internal/services/geoip_service.go:89.15,91.3 1 1
github.com/Wikid82/charon/backend/internal/services/geoip_service.go:94.2,95.9 2 1
github.com/Wikid82/charon/backend/internal/services/geoip_service.go:95.9,97.3 1 0
github.com/Wikid82/charon/backend/internal/services/geoip_service.go:99.2,100.16 2 1
github.com/Wikid82/charon/backend/internal/services/geoip_service.go:100.16,102.3 1 1
github.com/Wikid82/charon/backend/internal/services/geoip_service.go:104.2,104.34 1 1
github.com/Wikid82/charon/backend/internal/services/geoip_service.go:104.34,106.3 1 1
github.com/Wikid82/charon/backend/internal/services/geoip_service.go:108.2,108.36 1 1
github.com/Wikid82/charon/backend/internal/services/geoip_service.go:112.40,116.2 3 1
github.com/Wikid82/charon/backend/internal/services/geoip_service.go:119.49,123.2 3 1
github.com/Wikid82/charon/backend/internal/services/log_service.go:23.52,27.2 2 1
github.com/Wikid82/charon/backend/internal/services/log_service.go:35.52,37.16 2 1
github.com/Wikid82/charon/backend/internal/services/log_service.go:37.16,39.25 1 1
github.com/Wikid82/charon/backend/internal/services/log_service.go:39.25,41.4 1 1
github.com/Wikid82/charon/backend/internal/services/log_service.go:42.3,42.18 1 0
github.com/Wikid82/charon/backend/internal/services/log_service.go:45.2,47.32 3 1
github.com/Wikid82/charon/backend/internal/services/log_service.go:47.32,49.40 2 1
github.com/Wikid82/charon/backend/internal/services/log_service.go:49.40,50.12 1 1
github.com/Wikid82/charon/backend/internal/services/log_service.go:53.3,54.17 2 1
github.com/Wikid82/charon/backend/internal/services/log_service.go:54.17,55.12 1 0
github.com/Wikid82/charon/backend/internal/services/log_service.go:58.3,60.17 3 1
github.com/Wikid82/charon/backend/internal/services/log_service.go:60.17,61.22 1 1
github.com/Wikid82/charon/backend/internal/services/log_service.go:61.22,62.13 1 0
github.com/Wikid82/charon/backend/internal/services/log_service.go:64.4,64.25 1 1
github.com/Wikid82/charon/backend/internal/services/log_service.go:66.3,70.5 1 1
github.com/Wikid82/charon/backend/internal/services/log_service.go:72.2,72.18 1 1
github.com/Wikid82/charon/backend/internal/services/log_service.go:76.66,78.27 2 1
github.com/Wikid82/charon/backend/internal/services/log_service.go:78.27,80.3 1 1
github.com/Wikid82/charon/backend/internal/services/log_service.go:81.2,82.56 2 1
github.com/Wikid82/charon/backend/internal/services/log_service.go:82.56,84.3 1 0
github.com/Wikid82/charon/backend/internal/services/log_service.go:87.2,87.41 1 1
github.com/Wikid82/charon/backend/internal/services/log_service.go:87.41,89.3 1 1
github.com/Wikid82/charon/backend/internal/services/log_service.go:91.2,91.18 1 1
github.com/Wikid82/charon/backend/internal/services/log_service.go:95.114,97.16 2 1
github.com/Wikid82/charon/backend/internal/services/log_service.go:97.16,99.3 1 0
github.com/Wikid82/charon/backend/internal/services/log_service.go:101.2,102.16 2 1
github.com/Wikid82/charon/backend/internal/services/log_service.go:102.16,104.3 1 0
github.com/Wikid82/charon/backend/internal/services/log_service.go:105.2,105.15 1 1
github.com/Wikid82/charon/backend/internal/services/log_service.go:105.15,106.38 1 1
github.com/Wikid82/charon/backend/internal/services/log_service.go:106.38,108.4 1 0
github.com/Wikid82/charon/backend/internal/services/log_service.go:111.2,125.21 4 1
github.com/Wikid82/charon/backend/internal/services/log_service.go:125.21,127.17 2 1
github.com/Wikid82/charon/backend/internal/services/log_service.go:127.17,128.12 1 0
github.com/Wikid82/charon/backend/internal/services/log_service.go:131.3,132.62 2 1
github.com/Wikid82/charon/backend/internal/services/log_service.go:132.62,138.23 4 1
github.com/Wikid82/charon/backend/internal/services/log_service.go:138.23,140.90 1 1
github.com/Wikid82/charon/backend/internal/services/log_service.go:140.90,143.6 2 1
github.com/Wikid82/charon/backend/internal/services/log_service.go:147.3,147.37 1 1
github.com/Wikid82/charon/backend/internal/services/log_service.go:147.37,149.4 1 1
github.com/Wikid82/charon/backend/internal/services/log_service.go:152.2,152.38 1 1
github.com/Wikid82/charon/backend/internal/services/log_service.go:152.38,154.3 1 0
github.com/Wikid82/charon/backend/internal/services/log_service.go:157.2,157.26 1 1
github.com/Wikid82/charon/backend/internal/services/log_service.go:157.26,158.54 1 1
github.com/Wikid82/charon/backend/internal/services/log_service.go:158.54,160.4 1 1
github.com/Wikid82/charon/backend/internal/services/log_service.go:163.2,169.24 4 1
github.com/Wikid82/charon/backend/internal/services/log_service.go:169.24,171.3 1 1
github.com/Wikid82/charon/backend/internal/services/log_service.go:172.2,172.21 1 1
github.com/Wikid82/charon/backend/internal/services/log_service.go:172.21,174.3 1 1
github.com/Wikid82/charon/backend/internal/services/log_service.go:176.2,176.43 1 1
github.com/Wikid82/charon/backend/internal/services/log_service.go:179.95,181.25 1 1
github.com/Wikid82/charon/backend/internal/services/log_service.go:181.25,183.45 2 1
github.com/Wikid82/charon/backend/internal/services/log_service.go:183.45,186.45 2 1
github.com/Wikid82/charon/backend/internal/services/log_service.go:186.45,188.5 1 1
github.com/Wikid82/charon/backend/internal/services/log_service.go:189.9,189.40 1 1
github.com/Wikid82/charon/backend/internal/services/log_service.go:189.40,191.4 1 1
github.com/Wikid82/charon/backend/internal/services/log_service.go:195.2,195.24 1 1
github.com/Wikid82/charon/backend/internal/services/log_service.go:195.24,196.52 1 0
github.com/Wikid82/charon/backend/internal/services/log_service.go:196.52,198.4 1 0
github.com/Wikid82/charon/backend/internal/services/log_service.go:202.2,202.23 1 1
[...]
github.com/Wikid82/charon/backend/internal/services/uptime_service.go:206.59,211.5 4 1
github.com/Wikid82/charon/backend/internal/services/uptime_service.go:214.4,214.67 1 1
github.com/Wikid82/charon/backend/internal/services/uptime_service.go:214.67,218.5 3 1
github.com/Wikid82/charon/backend/internal/services/uptime_service.go:220.4,220.17 1 1
github.com/Wikid82/charon/backend/internal/services/uptime_service.go:220.17,222.5 1 1
github.com/Wikid82/charon/backend/internal/services/uptime_service.go:227.2,228.56 2 1
github.com/Wikid82/charon/backend/internal/services/uptime_service.go:228.56,230.3 1 0
github.com/Wikid82/charon/backend/internal/services/uptime_service.go:232.2,232.39 1 1
github.com/Wikid82/charon/backend/internal/services/uptime_service.go:232.39,239.58 5 1
github.com/Wikid82/charon/backend/internal/services/uptime_service.go:239.58,242.4 2 1
github.com/Wikid82/charon/backend/internal/services/uptime_service.go:245.3,247.14 2 1
github.com/Wikid82/charon/backend/internal/services/uptime_service.go:248.31,263.54 3 1
github.com/Wikid82/charon/backend/internal/services/uptime_service.go:263.54,265.5 1 0
github.com/Wikid82/charon/backend/internal/services/uptime_service.go:266.12,269.35 2 1
github.com/Wikid82/charon/backend/internal/services/uptime_service.go:269.35,272.5 2 1
github.com/Wikid82/charon/backend/internal/services/uptime_service.go:275.4,275.74 1 1
github.com/Wikid82/charon/backend/internal/services/uptime_service.go:275.74,278.5 2 1
github.com/Wikid82/charon/backend/internal/services/uptime_service.go:281.4,281.35 1 1
github.com/Wikid82/charon/backend/internal/services/uptime_service.go:281.35,285.5 3 0
github.com/Wikid82/charon/backend/internal/services/uptime_service.go:287.4,287.62 1 1
github.com/Wikid82/charon/backend/internal/services/uptime_service.go:287.62,291.5 3 1
github.com/Wikid82/charon/backend/internal/services/uptime_service.go:292.4,292.41 1 1
github.com/Wikid82/charon/backend/internal/services/uptime_service.go:292.41,295.5 2 1
github.com/Wikid82/charon/backend/internal/services/uptime_service.go:297.4,297.17 1 1
github.com/Wikid82/charon/backend/internal/services/uptime_service.go:297.17,299.5 1 1
github.com/Wikid82/charon/backend/internal/services/uptime_service.go:303.2,303.12 1 1
github.com/Wikid82/charon/backend/internal/services/uptime_service.go:307.75,311.35 3 1
github.com/Wikid82/charon/backend/internal/services/uptime_service.go:311.35,317.56 2 1
github.com/Wikid82/charon/backend/internal/services/uptime_service.go:317.56,320.4 2 0
github.com/Wikid82/charon/backend/internal/services/uptime_service.go:321.3,321.134 1 1
github.com/Wikid82/charon/backend/internal/services/uptime_service.go:324.2,324.22 1 1
github.com/Wikid82/charon/backend/internal/services/uptime_service.go:328.36,333.78 3 1
github.com/Wikid82/charon/backend/internal/services/uptime_service.go:333.78,336.3 2 0
github.com/Wikid82/charon/backend/internal/services/uptime_service.go:339.2,340.35 2 1
github.com/Wikid82/charon/backend/internal/services/uptime_service.go:340.35,342.34 2 1
github.com/Wikid82/charon/backend/internal/services/uptime_service.go:342.34,344.4 1 1
github.com/Wikid82/charon/backend/internal/services/uptime_service.go:345.3,345.63 1 1
github.com/Wikid82/charon/backend/internal/services/uptime_service.go:349.2,349.45 1 1
github.com/Wikid82/charon/backend/internal/services/uptime_service.go:349.45,351.19 1 1
github.com/Wikid82/charon/backend/internal/services/uptime_service.go:351.19,353.74 2 1
github.com/Wikid82/charon/backend/internal/services/uptime_service.go:353.74,354.36 1 1
github.com/Wikid82/charon/backend/internal/services/uptime_service.go:354.36,356.14 2 1
github.com/Wikid82/charon/backend/internal/services/uptime_service.go:362.3,362.36 1 1
github.com/Wikid82/charon/backend/internal/services/uptime_service.go:362.36,364.4 1 1
github.com/Wikid82/charon/backend/internal/services/uptime_service.go:369.41,371.48 2 1
github.com/Wikid82/charon/backend/internal/services/uptime_service.go:371.48,374.3 2 0
github.com/Wikid82/charon/backend/internal/services/uptime_service.go:376.2,376.21 1 1
github.com/Wikid82/charon/backend/internal/services/uptime_service.go:376.21,378.3 1 1
github.com/Wikid82/charon/backend/internal/services/uptime_service.go:380.2,387.23 5 1
github.com/Wikid82/charon/backend/internal/services/uptime_service.go:387.23,390.12 2 1
github.com/Wikid82/charon/backend/internal/services/uptime_service.go:390.12,392.4 1 1
github.com/Wikid82/charon/backend/internal/services/uptime_service.go:393.3,393.36 1 1
github.com/Wikid82/charon/backend/internal/services/uptime_service.go:393.36,396.11 2 1
github.com/Wikid82/charon/backend/internal/services/uptime_service.go:397.22,399.11 2 0
github.com/Wikid82/charon/backend/internal/services/uptime_service.go:400.12,401.27 1 1
github.com/Wikid82/charon/backend/internal/services/uptime_service.go:405.2,407.84 2 1
github.com/Wikid82/charon/backend/internal/services/uptime_service.go:411.81,414.35 2 1
github.com/Wikid82/charon/backend/internal/services/uptime_service.go:414.35,416.3 1 1
github.com/Wikid82/charon/backend/internal/services/uptime_service.go:417.2,437.24 10 1
github.com/Wikid82/charon/backend/internal/services/uptime_service.go:437.24,439.3 1 0
github.com/Wikid82/charon/backend/internal/services/uptime_service.go:442.2,446.68 4 1
github.com/Wikid82/charon/backend/internal/services/uptime_service.go:446.68,447.16 1 1
github.com/Wikid82/charon/backend/internal/services/uptime_service.go:447.16,454.4 2 1
github.com/Wikid82/charon/backend/internal/services/uptime_service.go:457.3,457.10 1 1
github.com/Wikid82/charon/backend/internal/services/uptime_service.go:458.21,460.10 2 1
github.com/Wikid82/charon/backend/internal/services/uptime_service.go:461.11,461.11 0 1
github.com/Wikid82/charon/backend/internal/services/uptime_service.go:464.3,464.36 1 1
github.com/Wikid82/charon/backend/internal/services/uptime_service.go:464.36,468.32 2 1
github.com/Wikid82/charon/backend/internal/services/uptime_service.go:468.32,470.5 1 1
github.com/Wikid82/charon/backend/internal/services/uptime_service.go:470.10,473.5 1 1
github.com/Wikid82/charon/backend/internal/services/uptime_service.go:475.4,475.18 1 1
github.com/Wikid82/charon/backend/internal/services/uptime_service.go:475.18,476.13 1 0
github.com/Wikid82/charon/backend/internal/services/uptime_service.go:479.4,493.18 5 1
github.com/Wikid82/charon/backend/internal/services/uptime_service.go:493.18,494.40 1 1
github.com/Wikid82/charon/backend/internal/services/uptime_service.go:494.40,496.6 1 0
github.com/Wikid82/charon/backend/internal/services/uptime_service.go:497.5,504.10 4 1
github.com/Wikid82/charon/backend/internal/services/uptime_service.go:506.4,507.50 2 1
github.com/Wikid82/charon/backend/internal/services/uptime_service.go:511.2,516.13 4 1
github.com/Wikid82/charon/backend/internal/services/uptime_service.go:516.13,519.3 2 1
github.com/Wikid82/charon/backend/internal/services/uptime_service.go:519.8,521.53 2 1
github.com/Wikid82/charon/backend/internal/services/uptime_service.go:521.53,523.4 1 1
github.com/Wikid82/charon/backend/internal/services/uptime_service.go:523.9,532.4 2 1
github.com/Wikid82/charon/backend/internal/services/uptime_service.go:535.2,541.19 5 1
github.com/Wikid82/charon/backend/internal/services/uptime_service.go:541.19,550.3 2 1
github.com/Wikid82/charon/backend/internal/services/uptime_service.go:552.2,563.17 2 1
github.com/Wikid82/charon/backend/internal/services/uptime_service.go:567.104,570.26 2 1
github.com/Wikid82/charon/backend/internal/services/uptime_service.go:570.26,573.26 3 1
github.com/Wikid82/charon/backend/internal/services/uptime_service.go:573.26,574.12 1 1
github.com/Wikid82/charon/backend/internal/services/uptime_service.go:578.3,579.41 2 1
github.com/Wikid82/charon/backend/internal/services/uptime_service.go:579.41,582.4 2 0
github.com/Wikid82/charon/backend/internal/services/uptime_service.go:584.3,587.29 4 1
github.com/Wikid82/charon/backend/internal/services/uptime_service.go:587.29,589.4 1 1
github.com/Wikid82/charon/backend/internal/services/uptime_service.go:590.3,602.52 5 1
github.com/Wikid82/charon/backend/internal/services/uptime_service.go:602.52,610.4 1 1
github.com/Wikid82/charon/backend/internal/services/uptime_service.go:614.2,614.80 1 1
github.com/Wikid82/charon/backend/internal/services/uptime_service.go:614.80,616.3 1 1
github.com/Wikid82/charon/backend/internal/services/uptime_service.go:620.107,629.33 7 1
github.com/Wikid82/charon/backend/internal/services/uptime_service.go:629.33,630.29 1 1
github.com/Wikid82/charon/backend/internal/services/uptime_service.go:630.29,632.4 1 0
github.com/Wikid82/charon/backend/internal/services/uptime_service.go:632.9,634.4 1 1
github.com/Wikid82/charon/backend/internal/services/uptime_service.go:638.2,646.33 3 1
github.com/Wikid82/charon/backend/internal/services/uptime_service.go:646.33,648.3 1 1
github.com/Wikid82/charon/backend/internal/services/uptime_service.go:649.2,677.138 9 1
github.com/Wikid82/charon/backend/internal/services/uptime_service.go:681.68,683.2 1 1
github.com/Wikid82/charon/backend/internal/services/uptime_service.go:685.68,690.22 4 1
github.com/Wikid82/charon/backend/internal/services/uptime_service.go:691.23,700.17 2 1
github.com/Wikid82/charon/backend/internal/services/uptime_service.go:700.17,702.9 2 1
github.com/Wikid82/charon/backend/internal/services/uptime_service.go:705.3,718.17 5 1
github.com/Wikid82/charon/backend/internal/services/uptime_service.go:718.17,720.9 2 0
github.com/Wikid82/charon/backend/internal/services/uptime_service.go:723.3,724.17 2 1
github.com/Wikid82/charon/backend/internal/services/uptime_service.go:724.17,725.17 1 1
github.com/Wikid82/charon/backend/internal/services/uptime_service.go:725.17,726.45 1 1
github.com/Wikid82/charon/backend/internal/services/uptime_service.go:726.45,728.6 1 0
github.com/Wikid82/charon/backend/internal/services/uptime_service.go:731.4,731.109 1 1
github.com/Wikid82/charon/backend/internal/services/uptime_service.go:731.109,734.5 2 1
github.com/Wikid82/charon/backend/internal/services/uptime_service.go:734.10,736.5 1 1
github.com/Wikid82/charon/backend/internal/services/uptime_service.go:737.9,739.4 1 1
github.com/Wikid82/charon/backend/internal/services/uptime_service.go:740.13,742.17 2 1
github.com/Wikid82/charon/backend/internal/services/uptime_service.go:742.17,743.39 1 1
github.com/Wikid82/charon/backend/internal/services/uptime_service.go:743.39,745.5 1 0
github.com/Wikid82/charon/backend/internal/services/uptime_service.go:746.4,747.33 2 1
github.com/Wikid82/charon/backend/internal/services/uptime_service.go:748.9,750.4 1 1
github.com/Wikid82/charon/backend/internal/services/uptime_service.go:751.10,752.31 1 1
github.com/Wikid82/charon/backend/internal/services/uptime_service.go:755.2,760.13 3 1
github.com/Wikid82/charon/backend/internal/services/uptime_service.go:760.13,762.29 1 1
github.com/Wikid82/charon/backend/internal/services/uptime_service.go:762.29,764.4 1 1
github.com/Wikid82/charon/backend/internal/services/uptime_service.go:766.3,766.27 1 1
github.com/Wikid82/charon/backend/internal/services/uptime_service.go:767.8,774.22 3 1
github.com/Wikid82/charon/backend/internal/services/uptime_service.go:774.22,776.4 1 0
github.com/Wikid82/charon/backend/internal/services/uptime_service.go:778.3,778.41 1 1
github.com/Wikid82/charon/backend/internal/services/uptime_service.go:778.41,780.4 1 1
github.com/Wikid82/charon/backend/internal/services/uptime_service.go:784.2,785.13 2 1
github.com/Wikid82/charon/backend/internal/services/uptime_service.go:785.13,787.3 1 1
github.com/Wikid82/charon/backend/internal/services/uptime_service.go:789.2,803.57 6 1
github.com/Wikid82/charon/backend/internal/services/uptime_service.go:803.57,806.3 2 0
github.com/Wikid82/charon/backend/internal/services/uptime_service.go:808.2,812.19 4 1
github.com/Wikid82/charon/backend/internal/services/uptime_service.go:812.19,814.3 1 0
github.com/Wikid82/charon/backend/internal/services/uptime_service.go:816.2,819.19 2 1
github.com/Wikid82/charon/backend/internal/services/uptime_service.go:819.19,820.20 1 0
github.com/Wikid82/charon/backend/internal/services/uptime_service.go:821.15,823.54 1 0
github.com/Wikid82/charon/backend/internal/services/uptime_service.go:824.13,826.52 1 0
github.com/Wikid82/charon/backend/internal/services/uptime_service.go:832.108,837.33 4 1
github.com/Wikid82/charon/backend/internal/services/uptime_service.go:837.33,839.3 1 1
github.com/Wikid82/charon/backend/internal/services/uptime_service.go:842.2,844.18 3 1
github.com/Wikid82/charon/backend/internal/services/uptime_service.go:844.18,845.73 1 1
github.com/Wikid82/charon/backend/internal/services/uptime_service.go:845.73,847.4 1 1
github.com/Wikid82/charon/backend/internal/services/uptime_service.go:850.2,858.63 2 1
github.com/Wikid82/charon/backend/internal/services/uptime_service.go:858.63,862.3 2 1
github.com/Wikid82/charon/backend/internal/services/uptime_service.go:862.8,871.56 2 1
github.com/Wikid82/charon/backend/internal/services/uptime_service.go:871.56,873.4 1 0
github.com/Wikid82/charon/backend/internal/services/uptime_service.go:875.3,876.163 2 1
github.com/Wikid82/charon/backend/internal/services/uptime_service.go:881.65,884.13 3 1
github.com/Wikid82/charon/backend/internal/services/uptime_service.go:884.13,887.3 2 0
github.com/Wikid82/charon/backend/internal/services/uptime_service.go:888.2,891.26 3 1
github.com/Wikid82/charon/backend/internal/services/uptime_service.go:891.26,893.3 1 1
github.com/Wikid82/charon/backend/internal/services/uptime_service.go:895.2,895.36 1 1
github.com/Wikid82/charon/backend/internal/services/uptime_service.go:895.36,897.3 1 0
github.com/Wikid82/charon/backend/internal/services/uptime_service.go:900.2,903.36 3 1
github.com/Wikid82/charon/backend/internal/services/uptime_service.go:903.36,910.29 6 1
github.com/Wikid82/charon/backend/internal/services/uptime_service.go:910.29,912.4 1 1
github.com/Wikid82/charon/backend/internal/services/uptime_service.go:913.3,913.57 1 1
github.com/Wikid82/charon/backend/internal/services/uptime_service.go:914.8,922.42 6 1
github.com/Wikid82/charon/backend/internal/services/uptime_service.go:922.42,923.30 1 1
github.com/Wikid82/charon/backend/internal/services/uptime_service.go:923.30,925.5 1 1
github.com/Wikid82/charon/backend/internal/services/uptime_service.go:925.10,927.5 1 0
github.com/Wikid82/charon/backend/internal/services/uptime_service.go:932.2,948.156 4 1
github.com/Wikid82/charon/backend/internal/services/uptime_service.go:952.97,959.20 6 1
github.com/Wikid82/charon/backend/internal/services/uptime_service.go:959.20,961.3 1 1
github.com/Wikid82/charon/backend/internal/services/uptime_service.go:963.2,976.94 3 1
github.com/Wikid82/charon/backend/internal/services/uptime_service.go:981.53,984.45 3 1
github.com/Wikid82/charon/backend/internal/services/uptime_service.go:984.45,986.3 1 1
github.com/Wikid82/charon/backend/internal/services/uptime_service.go:987.2,989.40 2 1
github.com/Wikid82/charon/backend/internal/services/uptime_service.go:989.40,991.3 1 1
github.com/Wikid82/charon/backend/internal/services/uptime_service.go:997.63,999.56 2 1
github.com/Wikid82/charon/backend/internal/services/uptime_service.go:999.56,1001.3 1 1
github.com/Wikid82/charon/backend/internal/services/uptime_service.go:1003.2,1004.86 2 1
github.com/Wikid82/charon/backend/internal/services/uptime_service.go:1004.86,1005.45 1 1
github.com/Wikid82/charon/backend/internal/services/uptime_service.go:1005.45,1007.4 1 1
github.com/Wikid82/charon/backend/internal/services/uptime_service.go:1008.3,1008.13 1 0
github.com/Wikid82/charon/backend/internal/services/uptime_service.go:1012.2,1014.22 3 1
github.com/Wikid82/charon/backend/internal/services/uptime_service.go:1014.22,1016.3 1 1
github.com/Wikid82/charon/backend/internal/services/uptime_service.go:1018.2,1019.20 2 1
github.com/Wikid82/charon/backend/internal/services/uptime_service.go:1019.20,1021.3 1 1
github.com/Wikid82/charon/backend/internal/services/uptime_service.go:1023.2,1024.19 2 1
github.com/Wikid82/charon/backend/internal/services/uptime_service.go:1024.19,1026.3 1 1
github.com/Wikid82/charon/backend/internal/services/uptime_service.go:1028.2,1032.34 4 1
github.com/Wikid82/charon/backend/internal/services/uptime_service.go:1037.72,1041.2 3 1
github.com/Wikid82/charon/backend/internal/services/uptime_service.go:1043.82,1045.65 2 1
github.com/Wikid82/charon/backend/internal/services/uptime_service.go:1045.65,1047.3 1 1
github.com/Wikid82/charon/backend/internal/services/uptime_service.go:1048.2,1048.22 1 1
github.com/Wikid82/charon/backend/internal/services/uptime_service.go:1051.99,1055.2 3 1
github.com/Wikid82/charon/backend/internal/services/uptime_service.go:1057.105,1059.65 2 1
github.com/Wikid82/charon/backend/internal/services/uptime_service.go:1059.65,1061.3 1 1
github.com/Wikid82/charon/backend/internal/services/uptime_service.go:1064.2,1065.43 2 1
github.com/Wikid82/charon/backend/internal/services/uptime_service.go:1065.43,1067.3 1 1
github.com/Wikid82/charon/backend/internal/services/uptime_service.go:1068.2,1068.40 1 1
github.com/Wikid82/charon/backend/internal/services/uptime_service.go:1068.40,1070.3 1 1
github.com/Wikid82/charon/backend/internal/services/uptime_service.go:1071.2,1071.39 1 1
github.com/Wikid82/charon/backend/internal/services/uptime_service.go:1071.39,1073.3 1 1
github.com/Wikid82/charon/backend/internal/services/uptime_service.go:1076.2,1076.75 1 1
github.com/Wikid82/charon/backend/internal/services/uptime_service.go:1076.75,1078.3 1 0
github.com/Wikid82/charon/backend/internal/services/uptime_service.go:1080.2,1080.22 1 1
github.com/Wikid82/charon/backend/internal/services/uptime_service.go:1084.56,1087.65 2 1
github.com/Wikid82/charon/backend/internal/services/uptime_service.go:1087.65,1089.3 1 1
github.com/Wikid82/charon/backend/internal/services/uptime_service.go:1092.2,1092.97 1 1
github.com/Wikid82/charon/backend/internal/services/uptime_service.go:1092.97,1094.3 1 0
github.com/Wikid82/charon/backend/internal/services/uptime_service.go:1097.2,1097.52 1 1
github.com/Wikid82/charon/backend/internal/services/uptime_service.go:1097.52,1099.3 1 0
github.com/Wikid82/charon/backend/internal/services/uptime_service.go:1104.2,1104.12 1 1
github.com/Wikid82/charon/backend/internal/services/websocket_tracker.go:38.46,42.2 1 1
github.com/Wikid82/charon/backend/internal/services/websocket_tracker.go:45.59,54.2 4 1
github.com/Wikid82/charon/backend/internal/services/websocket_tracker.go:57.60,61.57 3 1
github.com/Wikid82/charon/backend/internal/services/websocket_tracker.go:61.57,68.3 3 1
github.com/Wikid82/charon/backend/internal/services/websocket_tracker.go:72.64,76.57 3 1
github.com/Wikid82/charon/backend/internal/services/websocket_tracker.go:76.57,78.3 1 1
github.com/Wikid82/charon/backend/internal/services/websocket_tracker.go:82.87,88.2 4 1
github.com/Wikid82/charon/backend/internal/services/websocket_tracker.go:91.66,96.37 4 1
github.com/Wikid82/charon/backend/internal/services/websocket_tracker.go:96.37,100.3 2 1
github.com/Wikid82/charon/backend/internal/services/websocket_tracker.go:101.2,101.20 1 1
github.com/Wikid82/charon/backend/internal/services/websocket_tracker.go:105.56,117.37 5 1
github.com/Wikid82/charon/backend/internal/services/websocket_tracker.go:117.37,118.20 1 1
github.com/Wikid82/charon/backend/internal/services/websocket_tracker.go:119.15,120.27 1 1
github.com/Wikid82/charon/backend/internal/services/websocket_tracker.go:121.19,122.31 1 1
github.com/Wikid82/charon/backend/internal/services/websocket_tracker.go:125.3,125.64 1 1
github.com/Wikid82/charon/backend/internal/services/websocket_tracker.go:125.64,128.4 2 1
github.com/Wikid82/charon/backend/internal/services/websocket_tracker.go:131.2,132.14 2 1
github.com/Wikid82/charon/backend/internal/services/websocket_tracker.go:136.43,140.2 3 1
